2023-11-13 19:52:17,140 - root - INFO - Start to solve problem with GLOBAL_CHEAPEST_ARC strategy
2023-11-13 19:52:18,286 - root - INFO - End to solve problem with GLOBAL_CHEAPEST_ARC strategy
2023-11-13 19:52:18,286 - root - INFO - Solution achieved by GLOBAL_CHEAPEST_ARC strategy
2023-11-13 19:52:18,286 - root - INFO - Objective: 9.178792798055555 Horas
2023-11-13 19:52:18,286 - root - INFO - Max Allowed Route: 5.999933333333333 Horas
2023-11-13 19:52:18,286 - root - INFO - Length per max route: 1.529815797629233
2023-11-13 19:52:18,287 - root - INFO - Route for vehicle 1:
 1 -> 189 -> 148 -> 90 -> 124 -> 142 -> 22 -> 56 -> 111 -> 147 -> 55 -> 158 -> 59 -> 193 -> 136 -> 183 -> 14 -> 50 -> 76 -> 105 -> 15 -> 28 -> 72 -> 19 -> 134 -> 71 -> 118 -> 182 -> 86 -> 62 -> 73 -> 42 -> 145 -> 188 -> 135 -> 191 -> 92 -> 3 -> 126 -> 107 -> 41 -> 146 -> 84 -> 60 -> 177 -> 95 -> 87 -> 103 -> 51 -> 5 -> 149 -> 172 -> 64 -> 6 -> 140 -> 196 -> 106 -> 170 -> 130 -> 20 -> 122 -> 10 -> 47 -> 7 -> 25 -> 139 -> 61 -> 179 -> 99 -> 115 -> 138 -> 34 -> 150 -> 159 -> 98 -> 114 -> 181 -> 200 -> 52 -> 164 -> 173 -> 116 -> 112 -> 143 -> 110 -> 144 -> 141 -> 39 -> 88 -> 151 -> 186 -> 197 -> 166 -> 127 -> 178 -> 153 -> 32 -> 180 -> 58 -> 2 -> 70 -> 27 -> 198 -> 120 -> 48 -> 121 -> 13 -> 53 -> 137 -> 131 -> 65 -> 80 -> 190 -> 169 -> 101 -> 23 -> 18 -> 201 -> 104 -> 128 -> 33 -> 119 -> 175 -> 12 -> 194 -> 154 -> 161 -> 89 -> 45 -> 93 -> 113 -> 57 -> 123 -> 83 -> 100 -> 11 -> 68 -> 109 -> 199 -> 24 -> 26 -> 29 -> 192 -> 91 -> 187 -> 38 -> 97 -> 174 -> 37 -> 9 -> 82 -> 168 -> 132 -> 185 -> 77 -> 165 -> 40 -> 96 -> 94 -> 155 -> 8 -> 78 -> 152 -> 157 -> 17 -> 31 -> 160 -> 156 -> 54 -> 63 -> 102 -> 16 -> 176 -> 46 -> 4 -> 75 -> 67 -> 163 -> 117 -> 49 -> 85 -> 81 -> 108 -> 21 -> 66 -> 171 -> 129 -> 167 -> 44 -> 133 -> 195 -> 30 -> 125 -> 36 -> 74 -> 35 -> 184 -> 79 -> 69 -> 43 -> 162 -> 1

2023-11-13 19:52:20,157 - root - INFO - Start to solve problem with PATH_CHEAPEST_ARC strategy
2023-11-13 19:52:21,112 - root - INFO - End to solve problem with PATH_CHEAPEST_ARC strategy
2023-11-13 19:52:21,112 - root - INFO - Solution achieved by PATH_CHEAPEST_ARC strategy
2023-11-13 19:52:21,112 - root - INFO - Objective: 9.115908210555556 Horas
2023-11-13 19:52:21,112 - root - INFO - Max Allowed Route: 5.999933333333333 Horas
2023-11-13 19:52:21,112 - root - INFO - Length per max route: 1.519334916591666
2023-11-13 19:52:21,113 - root - INFO - Route for vehicle 1:
 1 -> 189 -> 79 -> 184 -> 35 -> 30 -> 125 -> 74 -> 36 -> 148 -> 124 -> 90 -> 22 -> 56 -> 142 -> 59 -> 193 -> 41 -> 183 -> 136 -> 76 -> 105 -> 50 -> 14 -> 15 -> 28 -> 118 -> 182 -> 71 -> 86 -> 62 -> 73 -> 42 -> 134 -> 19 -> 72 -> 135 -> 188 -> 145 -> 149 -> 172 -> 64 -> 6 -> 140 -> 196 -> 106 -> 130 -> 170 -> 95 -> 87 -> 103 -> 51 -> 5 -> 191 -> 92 -> 3 -> 126 -> 107 -> 146 -> 84 -> 60 -> 177 -> 158 -> 147 -> 111 -> 55 -> 20 -> 61 -> 179 -> 99 -> 115 -> 138 -> 34 -> 150 -> 175 -> 119 -> 12 -> 154 -> 161 -> 194 -> 33 -> 128 -> 104 -> 18 -> 201 -> 45 -> 89 -> 93 -> 113 -> 57 -> 80 -> 23 -> 169 -> 101 -> 190 -> 65 -> 131 -> 137 -> 53 -> 13 -> 123 -> 83 -> 11 -> 100 -> 121 -> 48 -> 120 -> 198 -> 27 -> 200 -> 181 -> 114 -> 98 -> 159 -> 139 -> 25 -> 7 -> 47 -> 10 -> 122 -> 164 -> 173 -> 52 -> 70 -> 68 -> 2 -> 58 -> 180 -> 32 -> 153 -> 116 -> 112 -> 143 -> 110 -> 144 -> 178 -> 127 -> 88 -> 151 -> 166 -> 186 -> 197 -> 77 -> 185 -> 94 -> 155 -> 132 -> 168 -> 82 -> 199 -> 109 -> 24 -> 26 -> 29 -> 192 -> 91 -> 187 -> 38 -> 97 -> 37 -> 174 -> 9 -> 8 -> 78 -> 152 -> 157 -> 31 -> 17 -> 160 -> 156 -> 54 -> 63 -> 102 -> 16 -> 176 -> 46 -> 4 -> 75 -> 67 -> 163 -> 117 -> 85 -> 49 -> 40 -> 165 -> 96 -> 21 -> 66 -> 171 -> 108 -> 81 -> 195 -> 133 -> 44 -> 129 -> 167 -> 39 -> 141 -> 69 -> 43 -> 162 -> 1

2023-11-13 19:52:23,016 - root - INFO - Start to solve problem with GUIDED_LOCAL_SEARCH strategy
2023-11-13 20:05:43,016 - root - INFO - End to solve problem with GUIDED_LOCAL_SEARCH strategy
2023-11-13 20:05:43,016 - root - INFO - Solution achieved by GUIDED_LOCAL_SEARCH strategy with time limit on 800 seconds
2023-11-13 20:05:43,016 - root - INFO - Objective: 8.694470900277778 Horas
2023-11-13 20:05:43,016 - root - INFO - Max Allowed Route: 5.999933333333333 Horas
2023-11-13 20:05:43,016 - root - INFO - Length per max route: 1.449094584430568
2023-11-13 20:05:43,017 - root - INFO - Route for vehicle 1:
 1 -> 189 -> 148 -> 124 -> 90 -> 22 -> 142 -> 56 -> 59 -> 158 -> 147 -> 111 -> 55 -> 177 -> 60 -> 84 -> 146 -> 107 -> 41 -> 193 -> 136 -> 76 -> 105 -> 14 -> 50 -> 183 -> 188 -> 135 -> 15 -> 28 -> 72 -> 19 -> 134 -> 71 -> 118 -> 182 -> 86 -> 62 -> 73 -> 42 -> 145 -> 191 -> 92 -> 3 -> 126 -> 95 -> 87 -> 103 -> 51 -> 5 -> 149 -> 172 -> 6 -> 64 -> 140 -> 196 -> 106 -> 170 -> 130 -> 20 -> 61 -> 179 -> 99 -> 115 -> 138 -> 34 -> 150 -> 175 -> 119 -> 12 -> 154 -> 161 -> 89 -> 45 -> 194 -> 33 -> 128 -> 104 -> 201 -> 18 -> 23 -> 101 -> 169 -> 190 -> 13 -> 53 -> 137 -> 65 -> 131 -> 80 -> 57 -> 113 -> 93 -> 123 -> 83 -> 11 -> 100 -> 121 -> 48 -> 120 -> 198 -> 27 -> 70 -> 52 -> 200 -> 181 -> 114 -> 98 -> 159 -> 139 -> 25 -> 7 -> 47 -> 10 -> 122 -> 164 -> 173 -> 110 -> 143 -> 144 -> 112 -> 116 -> 153 -> 32 -> 180 -> 58 -> 2 -> 68 -> 109 -> 29 -> 192 -> 91 -> 187 -> 37 -> 174 -> 97 -> 38 -> 9 -> 26 -> 24 -> 199 -> 82 -> 8 -> 155 -> 132 -> 168 -> 178 -> 127 -> 141 -> 39 -> 88 -> 151 -> 166 -> 186 -> 197 -> 77 -> 185 -> 94 -> 96 -> 165 -> 40 -> 78 -> 152 -> 157 -> 31 -> 17 -> 160 -> 156 -> 54 -> 63 -> 102 -> 16 -> 176 -> 46 -> 4 -> 75 -> 67 -> 163 -> 117 -> 49 -> 85 -> 81 -> 108 -> 21 -> 66 -> 171 -> 129 -> 167 -> 44 -> 133 -> 195 -> 30 -> 74 -> 36 -> 125 -> 35 -> 184 -> 79 -> 69 -> 43 -> 162 -> 1

