2023-11-13 18:30:23,135 - root - INFO - Start to solve problem with GLOBAL_CHEAPEST_ARC strategy
2023-11-13 18:30:23,169 - root - INFO - End to solve problem with GLOBAL_CHEAPEST_ARC strategy
2023-11-13 18:30:23,170 - root - INFO - Solution achieved by GLOBAL_CHEAPEST_ARC strategy
2023-11-13 18:30:23,170 - root - INFO - Objective: 9.091665 Horas
2023-11-13 18:30:23,170 - root - INFO - Max Allowed Route: 5.999942777777778 Horas
2023-11-13 18:30:23,170 - root - INFO - Length per max route: 1.5152919513954624
2023-11-13 18:30:23,171 - root - INFO - Route for vehicle 1:
 1 -> 4 -> 10 -> 6 -> 19 -> 2 -> 8 -> 7 -> 9 -> 15 -> 14 -> 20 -> 18 -> 17 -> 21 -> 13 -> 16 -> 12 -> 3 -> 11 -> 5 -> 1

2023-11-13 18:30:24,879 - root - INFO - Start to solve problem with PATH_CHEAPEST_ARC strategy
2023-11-13 18:30:24,884 - root - INFO - End to solve problem with PATH_CHEAPEST_ARC strategy
2023-11-13 18:30:24,884 - root - INFO - Solution achieved by PATH_CHEAPEST_ARC strategy
2023-11-13 18:30:24,884 - root - INFO - Objective: 9.053765555555556 Horas
2023-11-13 18:30:24,884 - root - INFO - Max Allowed Route: 5.999942777777778 Horas
2023-11-13 18:30:24,884 - root - INFO - Length per max route: 1.508975317079413
2023-11-13 18:30:24,884 - root - INFO - Route for vehicle 1:
 1 -> 4 -> 10 -> 6 -> 19 -> 2 -> 8 -> 7 -> 9 -> 15 -> 14 -> 20 -> 18 -> 16 -> 17 -> 13 -> 21 -> 12 -> 3 -> 11 -> 5 -> 1

2023-11-13 18:30:26,461 - root - INFO - Start to solve problem with GUIDED_LOCAL_SEARCH strategy
2023-11-13 18:35:26,462 - root - INFO - End to solve problem with GUIDED_LOCAL_SEARCH strategy
2023-11-13 18:35:26,462 - root - INFO - Solution achieved by GUIDED_LOCAL_SEARCH strategy with time limit on 300 seconds
2023-11-13 18:35:26,462 - root - INFO - Objective: 9.053765555555556 Horas
2023-11-13 18:35:26,462 - root - INFO - Max Allowed Route: 5.999942777777778 Horas
2023-11-13 18:35:26,462 - root - INFO - Length per max route: 1.508975317079413
2023-11-13 18:35:26,462 - root - INFO - Route for vehicle 1:
 1 -> 4 -> 10 -> 6 -> 19 -> 2 -> 8 -> 7 -> 9 -> 15 -> 14 -> 20 -> 18 -> 16 -> 17 -> 13 -> 21 -> 12 -> 3 -> 11 -> 5 -> 1

