2023-11-13 18:41:24,788 - root - INFO - Start to solve problem with GLOBAL_CHEAPEST_ARC strategy
2023-11-13 18:41:24,795 - root - INFO - End to solve problem with GLOBAL_CHEAPEST_ARC strategy
2023-11-13 18:41:24,795 - root - INFO - Solution achieved by GLOBAL_CHEAPEST_ARC strategy
2023-11-13 18:41:24,795 - root - INFO - Objective: 9.091665 Horas
2023-11-13 18:41:24,795 - root - INFO - Max Allowed Route: 5.999942777777778 Horas
2023-11-13 18:41:24,795 - root - INFO - Length per max route: 1.5152919513954624
2023-11-13 18:41:24,795 - root - INFO - Route for vehicle 1:
 1 -> 4 -> 10 -> 6 -> 19 -> 2 -> 8 -> 7 -> 9 -> 15 -> 14 -> 20 -> 18 -> 17 -> 21 -> 13 -> 16 -> 12 -> 3 -> 11 -> 5 -> 1

2023-11-13 18:41:26,602 - root - INFO - Start to solve problem with PATH_CHEAPEST_ARC strategy
2023-11-13 18:41:26,608 - root - INFO - End to solve problem with PATH_CHEAPEST_ARC strategy
2023-11-13 18:41:26,608 - root - INFO - Solution achieved by PATH_CHEAPEST_ARC strategy
2023-11-13 18:41:26,608 - root - INFO - Objective: 9.053765555555556 Horas
2023-11-13 18:41:26,608 - root - INFO - Max Allowed Route: 5.999942777777778 Horas
2023-11-13 18:41:26,608 - root - INFO - Length per max route: 1.508975317079413
2023-11-13 18:41:26,608 - root - INFO - Route for vehicle 1:
 1 -> 4 -> 10 -> 6 -> 19 -> 2 -> 8 -> 7 -> 9 -> 15 -> 14 -> 20 -> 18 -> 16 -> 17 -> 13 -> 21 -> 12 -> 3 -> 11 -> 5 -> 1

2023-11-13 18:41:28,200 - root - INFO - Start to solve problem with GUIDED_LOCAL_SEARCH strategy
2023-11-13 18:51:28,199 - root - INFO - End to solve problem with GUIDED_LOCAL_SEARCH strategy
2023-11-13 18:51:28,199 - root - INFO - Solution achieved by GUIDED_LOCAL_SEARCH strategy with time limit on 600 seconds
2023-11-13 18:51:28,199 - root - INFO - Objective: 9.053765555555556 Horas
2023-11-13 18:51:28,199 - root - INFO - Max Allowed Route: 5.999942777777778 Horas
2023-11-13 18:51:28,200 - root - INFO - Length per max route: 1.508975317079413
2023-11-13 18:51:28,200 - root - INFO - Route for vehicle 1:
 1 -> 4 -> 10 -> 6 -> 19 -> 2 -> 8 -> 7 -> 9 -> 15 -> 14 -> 20 -> 18 -> 16 -> 17 -> 13 -> 21 -> 12 -> 3 -> 11 -> 5 -> 1

