2021-09-19 23:02:09,395 - root - INFO - Start to solve problem with GLOBAL_CHEAPEST_ARC strategy
2021-09-19 23:02:09,412 - root - INFO - End to solve problem with GLOBAL_CHEAPEST_ARC strategy
2021-09-19 23:02:09,412 - root - INFO - Solution achieved by GLOBAL_CHEAPEST_ARC strategy
2021-09-19 23:02:09,412 - root - INFO - Max Allowed Route: 0.005999942777777777 Horas
2021-09-19 23:02:09,412 - root - INFO - Route for vehicle 0:
 1 -> 1
Distance of the route: 0.0 Hours
 
2021-09-19 23:02:09,412 - root - INFO - Route for vehicle 1:
 1 -> 11 -> 16 -> 17 -> 18 -> 20 -> 14 -> 9 -> 4 -> 1
Distance of the route: 0.005175160277777778 Hours
 
2021-09-19 23:02:09,413 - root - INFO - Route for vehicle 2:
 1 -> 5 -> 3 -> 12 -> 13 -> 21 -> 15 -> 7 -> 8 -> 2 -> 19 -> 6 -> 10 -> 1
Distance of the route: 0.005289368611111111 Hours
 
2021-09-19 23:02:09,413 - root - INFO - Maximum of the route distances: 0.005289368611111111 Hours

2021-09-19 23:02:09,414 - root - INFO - Start to solve problem with PATH_CHEAPEST_ARC strategy
2021-09-19 23:02:09,433 - root - INFO - End to solve problem with PATH_CHEAPEST_ARC strategy
2021-09-19 23:02:09,433 - root - INFO - Solution achieved by PATH_CHEAPEST_ARC strategy
2021-09-19 23:02:09,433 - root - INFO - Max Allowed Route: 0.005999942777777777 Horas
2021-09-19 23:02:09,434 - root - INFO - Route for vehicle 0:
 1 -> 1
Distance of the route: 0.0 Hours
 
2021-09-19 23:02:09,434 - root - INFO - Route for vehicle 1:
 1 -> 5 -> 14 -> 20 -> 18 -> 16 -> 17 -> 13 -> 21 -> 12 -> 3 -> 11 -> 1
Distance of the route: 0.005651323055555556 Hours
 
2021-09-19 23:02:09,434 - root - INFO - Route for vehicle 2:
 1 -> 10 -> 6 -> 19 -> 2 -> 8 -> 7 -> 15 -> 9 -> 4 -> 1
Distance of the route: 0.004535479166666667 Hours
 
2021-09-19 23:02:09,434 - root - INFO - Maximum of the route distances: 0.005651323055555556 Hours

