2021-09-19 23:38:19,681 - root - INFO - Start to solve problem with GLOBAL_CHEAPEST_ARC strategy
2021-09-19 23:38:49,920 - root - INFO - End to solve problem with GLOBAL_CHEAPEST_ARC strategy
2021-09-19 23:38:49,920 - root - INFO - Solution achieved by GLOBAL_CHEAPEST_ARC strategy
2021-09-19 23:38:49,920 - root - INFO - Max Allowed Route: 0.005999942777777777 Horas
2021-09-19 23:38:49,920 - root - INFO - Route for vehicle 0:
 1 -> 4 -> 2 -> 19 -> 6 -> 10 -> 1
Distance of the route: 0.003767937777777778 Hours
 
2021-09-19 23:38:49,921 - root - INFO - Route for vehicle 1:
 1 -> 9 -> 8 -> 7 -> 15 -> 14 -> 20 -> 1
Distance of the route: 0.003956420833333333 Hours
 
2021-09-19 23:38:49,921 - root - INFO - Route for vehicle 2:
 1 -> 11 -> 3 -> 12 -> 16 -> 18 -> 17 -> 13 -> 21 -> 5 -> 1
Distance of the route: 0.003772626111111111 Hours
 
2021-09-19 23:38:49,921 - root - INFO - Maximum of the route distances: 0.003956420833333333 Hours

2021-09-19 23:38:49,922 - root - INFO - Start to solve problem with PATH_CHEAPEST_ARC strategy
2021-09-19 23:45:38,847 - root - INFO - End to solve problem with PATH_CHEAPEST_ARC strategy
2021-09-19 23:45:38,847 - root - INFO - Solution achieved by PATH_CHEAPEST_ARC strategy
2021-09-19 23:45:38,847 - root - INFO - Max Allowed Route: 0.005999942777777777 Horas
2021-09-19 23:45:38,847 - root - INFO - Route for vehicle 0:
 1 -> 6 -> 1
Distance of the route: 0.0 Hours
 
2021-09-19 23:45:38,847 - root - INFO - Route for vehicle 1:
 1 -> 1
Distance of the route: 0.0 Hours
 
2021-09-19 23:45:38,847 - root - INFO - Route for vehicle 2:
 1 -> 14 -> 10 -> 9 -> 4 -> 15 -> 5 -> 16 -> 11 -> 19 -> 3 -> 2 -> 12 -> 8 -> 21 -> 18 -> 13 -> 20 -> 17 -> 7 -> 1
Distance of the route: 0.0 Hours
 
2021-09-19 23:45:38,847 - root - INFO - Maximum of the route distances: 0.0 Hours

2021-09-19 23:45:38,848 - root - INFO - Start to solve problem with GUIDED_LOCAL_SEARCH strategy
