2021-09-19 23:46:27,641 - root - INFO - Start to solve problem with GLOBAL_CHEAPEST_ARC strategy
2021-09-19 23:46:57,634 - root - INFO - End to solve problem with GLOBAL_CHEAPEST_ARC strategy
2021-09-19 23:46:57,634 - root - INFO - Solution achieved by GLOBAL_CHEAPEST_ARC strategy
2021-09-19 23:46:57,634 - root - INFO - Max Allowed Route: 0.005999942777777777 Horas
2021-09-19 23:46:57,634 - root - INFO - Route for vehicle 0:
 1 -> 4 -> 2 -> 19 -> 6 -> 10 -> 1
Distance of the route: 0.003767937777777778 Hours
 
2021-09-19 23:46:57,635 - root - INFO - Route for vehicle 1:
 1 -> 9 -> 8 -> 7 -> 15 -> 14 -> 20 -> 1
Distance of the route: 0.003956420833333333 Hours
 
2021-09-19 23:46:57,635 - root - INFO - Route for vehicle 2:
 1 -> 11 -> 3 -> 12 -> 16 -> 18 -> 17 -> 13 -> 21 -> 5 -> 1
Distance of the route: 0.003772626111111111 Hours
 
2021-09-19 23:46:57,635 - root - INFO - Maximum of the route distances: 0.003956420833333333 Hours

2021-09-19 23:46:57,636 - root - INFO - Start to solve problem with PATH_CHEAPEST_ARC strategy
2021-09-20 00:06:36,807 - root - INFO - End to solve problem with PATH_CHEAPEST_ARC strategy
2021-09-20 00:06:36,808 - root - INFO - Solution achieved by PATH_CHEAPEST_ARC strategy
2021-09-20 00:06:36,808 - root - INFO - Max Allowed Route: 0.005999942777777777 Horas
2021-09-20 00:06:36,808 - root - INFO - Route for vehicle 0:
 1 -> 6 -> 9 -> 18 -> 1
Distance of the route: 0.0 Hours
 
2021-09-20 00:06:36,808 - root - INFO - Route for vehicle 1:
 1 -> 1
Distance of the route: 0.0 Hours
 
2021-09-20 00:06:36,808 - root - INFO - Route for vehicle 2:
 1 -> 16 -> 10 -> 8 -> 4 -> 7 -> 5 -> 19 -> 11 -> 14 -> 3 -> 20 -> 12 -> 2 -> 21 -> 15 -> 13 -> 17 -> 1
Distance of the route: 0.0 Hours
 
2021-09-20 00:06:36,808 - root - INFO - Maximum of the route distances: 0.0 Hours

