2023-11-22 02:33:40,523 - root - INFO - Start to solve problem with PATH_CHEAPEST_ARC strategy
2023-11-22 02:41:45,570 - root - INFO - End to solve problem with PATH_CHEAPEST_ARC strategy
2023-11-22 02:41:45,570 - root - INFO - Solution achieved by PATH_CHEAPEST_ARC strategy
2023-11-22 02:41:45,570 - root - INFO - Max Allowed Route: 6.0  Hours
2023-11-22 02:41:45,570 - root - INFO - Max Possible Route: 12.0  Hours
2023-11-22 02:41:45,571 - root - INFO - Route for vehicle 0:
 1 -> 670 -> 1012 -> 582 -> 1971 -> 1632 -> 1264 -> 354 -> 1712 -> 737 -> 60 -> 795 -> 1070 -> 1930 -> 371 -> 491 -> 1938 -> 1266 -> 1378 -> 132 -> 1646 -> 1216 -> 1972 -> 93 -> 269 -> 1133 -> 1436 -> 1839 -> 903 -> 1112 -> 1811 -> 1759 -> 453 -> 1838 -> 120 -> 1828 -> 944 -> 1609 -> 1023 -> 886 -> 1005 -> 860 -> 1236 -> 217 -> 1366 -> 309 -> 1131 -> 738 -> 1052 -> 1205 -> 61 -> 419 -> 695 -> 1263 -> 1128 -> 572 -> 464 -> 145 -> 1375 -> 1049 -> 1085 -> 75 -> 1419 -> 699 -> 493 -> 1594 -> 1074 -> 878 -> 1992 -> 867 -> 1357 -> 1638 -> 283 -> 1326 -> 1703 -> 992 -> 1523 -> 551 -> 666 -> 34 -> 238 -> 232 -> 427 -> 1570 -> 685 -> 546 -> 1479 -> 159 -> 1975 -> 472 -> 1614 -> 468 -> 1564 -> 955 -> 121 -> 186 -> 780 -> 504 -> 1962 -> 101 -> 634 -> 1510 -> 1655 -> 1423 -> 1340 -> 1516 -> 85 -> 1513 -> 862 -> 1706 -> 1989 -> 966 -> 614 -> 335 -> 461 -> 693 -> 826 -> 914 -> 590 -> 265 -> 380 -> 431 -> 402 -> 171 -> 851 -> 869 -> 155 -> 1458 -> 1672 -> 1987 -> 110 -> 1029 -> 1559 -> 1118 -> 1073 -> 69 -> 633 -> 244 -> 1587 -> 1093 -> 1668 -> 1184 -> 484 -> 905 -> 984 -> 933 -> 714 -> 1730 -> 847 -> 508 -> 1673 -> 1288 -> 1856 -> 1779 -> 1507 -> 1482 -> 671 -> 1794 -> 1734 -> 1078 -> 28 -> 542 -> 221 -> 1190 -> 1860 -> 945 -> 850 -> 1521 -> 392 -> 1603 -> 323 -> 1909 -> 1026 -> 83 -> 1486 -> 1557 -> 1924 -> 1630 -> 348 -> 595 -> 1064 -> 1393 -> 1270 -> 991 -> 1116 -> 406 -> 87 -> 92 -> 1635 -> 745 -> 1525 -> 1529 -> 1736 -> 812 -> 1025 -> 1689 -> 1608 -> 1448 -> 1822 -> 963 -> 1878 -> 205 -> 1136 -> 1395 -> 1285 -> 574 -> 1493 -> 1233 -> 1343 -> 1743 -> 1213 -> 665 -> 1320 -> 1345 -> 37 -> 481 -> 940 -> 26 -> 1554 -> 1682 -> 765 -> 559 -> 111 -> 764 -> 1364 -> 1
Distance of the route: 5.690233055555556 Hours
 
2023-11-22 02:41:45,572 - root - INFO - Route for vehicle 1:
 1 -> 1
Distance of the route: 0.0 Hours
 
2023-11-22 02:41:45,572 - root - INFO - Route for vehicle 2:
 1 -> 1725 -> 1580 -> 465 -> 347 -> 1391 -> 1940 -> 659 -> 1096 -> 642 -> 1097 -> 1535 -> 1461 -> 1249 -> 1337 -> 477 -> 1316 -> 1698 -> 975 -> 1751 -> 115 -> 444 -> 184 -> 947 -> 854 -> 1560 -> 1929 -> 337 -> 588 -> 1367 -> 885 -> 1235 -> 358 -> 424 -> 881 -> 1624 -> 1788 -> 1589 -> 243 -> 1545 -> 573 -> 1904 -> 1425 -> 801 -> 1746 -> 231 -> 47 -> 6 -> 1797 -> 721 -> 141 -> 1933 -> 952 -> 896 -> 1511 -> 384 -> 469 -> 1178 -> 230 -> 626 -> 14 -> 1601 -> 1946 -> 1122 -> 1586 -> 97 -> 739 -> 413 -> 44 -> 1595 -> 451 -> 73 -> 1699 -> 1129 -> 1000 -> 808 -> 1679 -> 1960 -> 90 -> 1
Distance of the route: 5.948551111111111 Hours
 
2023-11-22 02:41:45,572 - root - INFO - Route for vehicle 3:
 1 -> 1
Distance of the route: 0.0 Hours
 
2023-11-22 02:41:45,572 - root - INFO - Route for vehicle 4:
 1 -> 1977 -> 59 -> 1647 -> 828 -> 1342 -> 1667 -> 908 -> 1996 -> 332 -> 1906 -> 1352 -> 1223 -> 456 -> 136 -> 1755 -> 814 -> 902 -> 741 -> 1336 -> 700 -> 498 -> 1218 -> 1379 -> 615 -> 973 -> 1054 -> 1879 -> 1872 -> 1483 -> 207 -> 846 -> 143 -> 1500 -> 366 -> 1492 -> 743 -> 949 -> 478 -> 876 -> 312 -> 1389 -> 1697 -> 971 -> 1114 -> 1350 -> 936 -> 1757 -> 811 -> 1484 -> 1718 -> 43 -> 503 -> 1742 -> 1321 -> 1709 -> 1370 -> 435 -> 343 -> 1228 -> 7 -> 1863 -> 707 -> 1761 -> 182 -> 838 -> 514 -> 620 -> 596 -> 782 -> 235 -> 791 -> 893 -> 1741 -> 1858 -> 577 -> 1121 -> 958 -> 845 -> 154 -> 1931 -> 711 -> 569 -> 1740 -> 1102 -> 54 -> 1365 -> 1477 -> 748 -> 1338 -> 1087 -> 1327 -> 52 -> 1230 -> 912 -> 1169 -> 1196 -> 948 -> 1014 -> 418 -> 1360 -> 129 -> 1082 -> 370 -> 1997 -> 1333 -> 396 -> 1953 -> 1590 -> 496 -> 1915 -> 1994 -> 1383 -> 17 -> 1083 -> 408 -> 982 -> 89 -> 644 -> 1612 -> 805 -> 1171 -> 735 -> 1103 -> 863 -> 172 -> 1
Distance of the route: 5.97489 Hours
 
2023-11-22 02:41:45,573 - root - INFO - Route for vehicle 5:
 1 -> 1224 -> 1351 -> 1359 -> 1889 -> 1825 -> 201 -> 1243 -> 1163 -> 1069 -> 106 -> 1060 -> 1826 -> 1335 -> 1832 -> 1130 -> 1269 -> 375 -> 676 -> 641 -> 164 -> 1853 -> 1796 -> 1636 -> 1785 -> 1859 -> 149 -> 530 -> 446 -> 224 -> 497 -> 1406 -> 1199 -> 1502 -> 1292 -> 1431 -> 598 -> 928 -> 1413 -> 98 -> 425 -> 284 -> 611 -> 1642 -> 77 -> 1631 -> 1752 -> 841 -> 317 -> 1084 -> 1410 -> 799 -> 1777 -> 1530 -> 1310 -> 275 -> 1022 -> 1098 -> 471 -> 1639 -> 907 -> 1538 -> 1480 -> 1015 -> 770 -> 1293 -> 421 -> 253 -> 276 -> 364 -> 490 -> 1287 -> 875 -> 1034 -> 525 -> 771 -> 701 -> 592 -> 1652 -> 1
Distance of the route: 5.427218611111111 Hours
 
2023-11-22 02:41:45,573 - root - INFO - Route for vehicle 6:
 1 -> 1407 -> 1424 -> 1231 -> 328 -> 1421 -> 785 -> 528 -> 1119 -> 1754 -> 1434 -> 583 -> 754 -> 717 -> 1577 -> 1705 -> 1600 -> 656 -> 261 -> 1605 -> 76 -> 316 -> 153 -> 1964 -> 859 -> 1050 -> 742 -> 1816 -> 1700 -> 1193 -> 460 -> 1355 -> 1621 -> 1149 -> 1688 -> 934 -> 1851 -> 168 -> 904 -> 1381 -> 1439 -> 236 -> 653 -> 777 -> 1315 -> 736 -> 1072 -> 1569 -> 540 -> 683 -> 1910 -> 1572 -> 33 -> 1986 -> 1220 -> 494 -> 349 -> 1353 -> 1625 -> 617 -> 1773 -> 1113 -> 1126 -> 807 -> 790 -> 1302 -> 1727 -> 1735 -> 1678 -> 411 -> 647 -> 1772 -> 1305 -> 5 -> 416 -> 170 -> 178 -> 1548 -> 57 -> 1485 -> 557 -> 114 -> 910 -> 1579 -> 1504 -> 962 -> 1998 -> 1372 -> 1882 -> 345 -> 1944 -> 1793 -> 697 -> 1206 -> 1289 -> 157 -> 167 -> 1805 -> 1157 -> 299 -> 479 -> 1677 -> 621 -> 246 -> 1868 -> 1388 -> 1141 -> 19 -> 866 -> 1753 -> 181 -> 1222 -> 890 -> 1453 -> 198 -> 796 -> 1
Distance of the route: 5.912124444444444 Hours
 
2023-11-22 02:41:45,574 - root - INFO - Route for vehicle 7:
 1 -> 946 -> 271 -> 856 -> 639 -> 383 -> 1472 -> 147 -> 636 -> 492 -> 1139 -> 1066 -> 1456 -> 467 -> 630 -> 1776 -> 1720 -> 133 -> 1318 -> 1833 -> 591 -> 179 -> 1452 -> 1622 -> 827 -> 1695 -> 627 -> 594 -> 581 -> 458 -> 390 -> 532 -> 661 -> 1974 -> 1506 -> 1764 -> 282 -> 731 -> 417 -> 463 -> 1951 -> 476 -> 646 -> 849 -> 1939 -> 1173 -> 286 -> 40 -> 158 -> 1954 -> 725 -> 1584 -> 1892 -> 1182 -> 917 -> 1671 -> 1390 -> 1585 -> 376 -> 1942 -> 510 -> 100 -> 1346 -> 1349 -> 969 -> 234 -> 848 -> 857 -> 1227 -> 1880 -> 258 -> 162 -> 884 -> 505 -> 757 -> 1658 -> 548 -> 544 -> 1817 -> 635 -> 1478 -> 894 -> 1947 -> 531 -> 1323 -> 109 -> 1165 -> 25 -> 148 -> 1299 -> 1894 -> 127 -> 580 -> 1380 -> 336 -> 1800 -> 1041 -> 686 -> 409 -> 1063 -> 1401 -> 832 -> 1895 -> 1783 -> 794 -> 750 -> 1441 -> 151 -> 680 -> 225 -> 728 -> 36 -> 1403 -> 1749 -> 684 -> 965 -> 900 -> 813 -> 1690 -> 809 -> 1090 -> 1186 -> 1075 -> 356 -> 1254 -> 1991 -> 1694 -> 951 -> 450 -> 1194 -> 1970 -> 1469 -> 1214 -> 146 -> 1422 -> 1774 -> 229 -> 1575 -> 280 -> 1058 -> 1471 -> 1037 -> 1
Distance of the route: 5.4347433333333335 Hours
 
2023-11-22 02:41:45,574 - root - INFO - Route for vehicle 8:
 1 -> 1108 -> 830 -> 1047 -> 1691 -> 994 -> 438 -> 1460 -> 1611 -> 1520 -> 397 -> 1812 -> 1606 -> 716 -> 1592 -> 1443 -> 1653 -> 802 -> 1898 -> 1361 -> 715 -> 909 -> 341 -> 331 -> 1188 -> 134 -> 1897 -> 1134 -> 926 -> 1258 -> 1604 -> 1394 -> 1926 -> 1473 -> 1732 -> 74 -> 66 -> 1626 -> 1430 -> 829 -> 126 -> 448 -> 575 -> 377 -> 597 -> 1203 -> 237 -> 1704 -> 1925 -> 1376 -> 1763 -> 1848 -> 1013 -> 1649 -> 1775 -> 1941 -> 20 -> 987 -> 1080 -> 1857 -> 1687 -> 732 -> 1714 -> 1427 -> 11 -> 1262 -> 1259 -> 1767 -> 657 -> 545 -> 218 -> 1896 -> 534 -> 495 -> 285 -> 682 -> 209 -> 262 -> 1138 -> 1398 -> 1399 -> 889 -> 1435 -> 321 -> 518 -> 3 -> 943 -> 792 -> 68 -> 823 -> 961 -> 840 -> 978 -> 1943 -> 1503 -> 1061 -> 637 -> 27 -> 1815 -> 1
Distance of the route: 4.486063055555555 Hours
 
2023-11-22 02:41:45,575 - root - INFO - Route for vehicle 9:
 1 -> 1016 -> 214 -> 1267 -> 547 -> 1661 -> 1250 -> 1693 -> 1532 -> 288 -> 1373 -> 213 -> 1519 -> 1967 -> 662 -> 509 -> 610 -> 1522 -> 1801 -> 990 -> 1125 -> 1261 -> 454 -> 1311 -> 1272 -> 789 -> 1956 -> 1566 -> 393 -> 65 -> 1028 -> 1983 -> 228 -> 1555 -> 618 -> 895 -> 1562 -> 1202 -> 1091 -> 41 -> 51 -> 1470 -> 99 -> 1244 -> 1784 -> 844 -> 1234 -> 1137 -> 601 -> 774 -> 1241 -> 1044 -> 727 -> 1914 -> 835 -> 967 -> 515 -> 689 -> 1217 -> 1531 -> 953 -> 1124 -> 1849 -> 368 -> 1371 -> 1627 -> 1294 -> 1307 -> 931 -> 1156 -> 1881 -> 80 -> 1277 -> 1200 -> 1768 -> 1911 -> 709 -> 720 -> 529 -> 1935 -> 135 -> 1160 -> 1092 -> 287 -> 399 -> 787 -> 1804 -> 1411 -> 981 -> 1919 -> 1106 -> 1650 -> 1317 -> 536 -> 226 -> 297 -> 815 -> 314 -> 423 -> 1127 -> 925 -> 1792 -> 432 -> 1332 -> 326 -> 1619 -> 831 -> 400 -> 564 -> 1031 -> 1347 -> 1056 -> 1239 -> 78 -> 1386 -> 517 -> 769 -> 1616 -> 1710 -> 273 -> 379 -> 2001 -> 1795 -> 1756 -> 585 -> 1641 -> 367 -> 203 -> 1582 -> 455 -> 1325 -> 1549 -> 681 -> 16 -> 522 -> 1001 -> 483 -> 1553 -> 1787 -> 442 -> 1387 -> 930 -> 2000 -> 1674 -> 1618 -> 374 -> 1304 -> 1438 -> 429 -> 289 -> 466 -> 1739 -> 892 -> 861 -> 1676 -> 1162 -> 1475 -> 1780 -> 21 -> 1457 -> 1576 -> 1300 -> 1905 -> 1079 -> 1175 -> 334 -> 749 -> 437 -> 797 -> 1152 -> 1210 -> 1048 -> 1884 -> 643 -> 319 -> 359 -> 1864 -> 42 -> 1257 -> 1314 -> 1463 -> 1654 -> 248 -> 1675 -> 756 -> 1745 -> 1644 -> 1232 -> 339 -> 499 -> 1729 -> 694 -> 67 -> 352 -> 482 -> 996 -> 1854 -> 1009 -> 169 -> 906 -> 1143 -> 1474 -> 410 -> 1867 -> 989 -> 516 -> 1197 -> 480 -> 1476 -> 1806 -> 960 -> 1786 -> 310 -> 722 -> 766 -> 718 -> 836 -> 1
Distance of the route: 5.904505 Hours
 
2023-11-22 02:41:45,575 - root - INFO - Route for vehicle 10:
 1 -> 1
Distance of the route: 0.0 Hours
 
2023-11-22 02:41:45,576 - root - INFO - Route for vehicle 11:
 1 -> 901 -> 240 -> 1187 -> 1901 -> 475 -> 95 -> 1715 -> 1966 -> 558 -> 1855 -> 964 -> 462 -> 1937 -> 1680 -> 1534 -> 1051 -> 1144 -> 1253 -> 1920 -> 852 -> 1284 -> 1660 -> 13 -> 602 -> 1444 -> 433 -> 257 -> 605 -> 1420 -> 1494 -> 922 -> 45 -> 1313 -> 1255 -> 1724 -> 324 -> 1412 -> 306 -> 1467 -> 1536 -> 113 -> 1623 -> 426 -> 1981 -> 1789 -> 640 -> 1221 -> 1902 -> 1596 -> 1903 -> 1011 -> 302 -> 1508 -> 1019 -> 667 -> 372 -> 678 -> 1445 -> 1993 -> 70 -> 361 -> 1358 -> 1888 -> 1913 -> 55 -> 1426 -> 1893 -> 511 -> 193 -> 954 -> 877 -> 1212 -> 333 -> 1155 -> 1442 -> 1607 -> 1574 -> 523 -> 1464 -> 208 -> 1291 -> 245 -> 394 -> 1065 -> 803 -> 1957 -> 1598 -> 920 -> 294 -> 753 -> 365 -> 445 -> 1573 -> 628 -> 658 -> 1663 -> 1204 -> 538 -> 918 -> 1319 -> 1731 -> 428 -> 1209 -> 923 -> 1339 -> 1552 -> 1844 -> 1499 -> 1159 -> 252 -> 105 -> 929 -> 772 -> 864 -> 1454 -> 1819 -> 303 -> 752 -> 1847 -> 1988 -> 1030 -> 1726 -> 1238 -> 1840 -> 1447 -> 112 -> 957 -> 1341 -> 798 -> 1637 -> 122 -> 1583 -> 1610 -> 1835 -> 1363 -> 1036 -> 1368 -> 415 -> 386 -> 254 -> 35 -> 1185 -> 1142 -> 882 -> 898 -> 1322 -> 140 -> 924 -> 1077 -> 513 -> 279 -> 554 -> 1057 -> 1565 -> 1032 -> 118 -> 506 -> 527 -> 1198 -> 8 -> 586 -> 1633 -> 1007 -> 703 -> 1669 -> 378 -> 1382 -> 251 -> 600 -> 758 -> 295 -> 350 -> 1547 -> 604 -> 194 -> 870 -> 500 -> 1963 -> 1248 -> 950 -> 197 -> 436 -> 865 -> 381 -> 1505 -> 1
Distance of the route: 5.716232222222223 Hours
 
2023-11-22 02:41:45,576 - root - INFO - Route for vehicle 12:
 1 -> 1042 -> 325 -> 810 -> 779 -> 843 -> 916 -> 1348 -> 1468 -> 1429 -> 1010 -> 1701 -> 603 -> 1766 -> 578 -> 385 -> 1402 -> 606 -> 507 -> 609 -> 664 -> 459 -> 781 -> 249 -> 420 -> 1733 -> 125 -> 369 -> 355 -> 300 -> 566 -> 563 -> 1928 -> 10 -> 1151 -> 86 -> 1875 -> 382 -> 405 -> 290 -> 1567 -> 103 -> 104 -> 401 -> 1923 -> 256 -> 1664 -> 1268 -> 874 -> 250 -> 1328 -> 1145 -> 1033 -> 1008 -> 130 -> 1617 -> 710 -> 1762 -> 897 -> 1154 -> 174 -> 452 -> 1873 -> 233 -> 1260 -> 988 -> 1568 -> 1242 -> 1282 -> 650 -> 784 -> 1808 -> 1018 -> 768 -> 192 -> 698 -> 1265 -> 763 -> 346 -> 1059 -> 751 -> 1055 -> 622 -> 1180 -> 1782 -> 439 -> 1558 -> 1153 -> 1861 -> 388 -> 1934 -> 1744 -> 999 -> 560 -> 1814 -> 616 -> 804 -> 1515 -> 272 -> 1561 -> 449 -> 1728 -> 1110 -> 264 -> 1415 -> 38 -> 53 -> 1181 -> 82 -> 1280 -> 1161 -> 543 -> 1246 -> 457 -> 30 -> 1684 -> 624 -> 1450 -> 668 -> 215 -> 1416 -> 404 -> 927 -> 12 -> 64 -> 556 -> 704 -> 1164 -> 1765 -> 210 -> 63 -> 521 -> 1721 -> 1006 -> 304 -> 123 -> 329 -> 1827 -> 1588 -> 977 -> 1651 -> 587 -> 652 -> 1086 -> 1440 -> 173 -> 553 -> 1830 -> 702 -> 1984 -> 561 -> 1207 -> 84 -> 520 -> 1907 -> 1240 -> 1750 -> 1542 -> 1662 -> 705 -> 729 -> 1076 -> 1211 -> 673 -> 501 -> 281 -> 1681 -> 137 -> 1414 -> 1229 -> 1279 -> 1831 -> 88 -> 1334 -> 871 -> 1810 -> 1982 -> 1117 -> 1295 -> 1912 -> 1274 -> 1
Distance of the route: 5.0675558333333335 Hours
 
2023-11-22 02:41:45,577 - root - INFO - Route for vehicle 13:
 1 -> 1021 -> 389 -> 956 -> 939 -> 1918 -> 39 -> 1980 -> 31 -> 1629 -> 821 -> 1225 -> 274 -> 839 -> 1968 -> 1813 -> 1869 -> 613 -> 470 -> 565 -> 1446 -> 1330 -> 1100 -> 315 -> 293 -> 1790 -> 1276 -> 1978 -> 723 -> 373 -> 488 -> 1148 -> 1303 -> 775 -> 46 -> 191 -> 1834 -> 816 -> 1807 -> 567 -> 1769 -> 1088 -> 589 -> 549 -> 1487 -> 1046 -> 1432 -> 625 -> 837 -> 1495 -> 1201 -> 211 -> 740 -> 550 -> 1094 -> 938 -> 407 -> 1602 -> 1747 -> 669 -> 1297 -> 1876 -> 313 -> 571 -> 307 -> 672 -> 1852 -> 1683 -> 1546 -> 1620 -> 71 -> 267 -> 1544 -> 1659 -> 690 -> 1949 -> 222 -> 1533 -> 1976 -> 362 -> 998 -> 1027 -> 1866 -> 1883 -> 1035 -> 1540 -> 1040 -> 1256 -> 1177 -> 692 -> 278 -> 1146 -> 58 -> 1685 -> 1491 -> 724 -> 1392 -> 1237 -> 160 -> 1917 -> 1362 -> 655 -> 1496 -> 1556 -> 776 -> 524 -> 1038 -> 1215 -> 344 -> 360 -> 1969 -> 1818 -> 733 -> 1135 -> 322 -> 48 -> 833 -> 422 -> 1298 -> 783 -> 1111 -> 1498 -> 9 -> 242 -> 1995 -> 1252 -> 50 -> 818 -> 443 -> 1723 -> 1628 -> 291 -> 976 -> 1965 -> 1719 -> 1409 -> 165 -> 608 -> 1973 -> 1296 -> 1514 -> 793 -> 1850 -> 1123 -> 1541 -> 1459 -> 486 -> 873 -> 537 -> 220 -> 1692 -> 212 -> 1748 -> 612 -> 921 -> 1408 -> 1871 -> 485 -> 1593 -> 1717 -> 1526 -> 1301 -> 1170 -> 1
Distance of the route: 5.990688888888889 Hours
 
2023-11-22 02:41:45,577 - root - INFO - Route for vehicle 14:
 1 -> 1591 -> 216 -> 430 -> 1837 -> 937 -> 403 -> 1020 -> 1539 -> 150 -> 318 -> 139 -> 706 -> 980 -> 1404 -> 1068 -> 1781 -> 32 -> 1778 -> 1803 -> 195 -> 1563 -> 96 -> 49 -> 773 -> 593 -> 1377 -> 487 -> 1309 -> 1067 -> 259 -> 1802 -> 806 -> 1824 -> 2 -> 1251 -> 1290 -> 1932 -> 1571 -> 94 -> 786 -> 1189 -> 1308 -> 1702 -> 412 -> 1132 -> 1405 -> 1713 -> 883 -> 1003 -> 187 -> 1099 -> 1908 -> 762 -> 1176 -> 1053 -> 1760 -> 144 -> 1670 -> 679 -> 1158 -> 552 -> 138 -> 156 -> 4 -> 1002 -> 1842 -> 1829 -> 1417 -> 911 -> 887 -> 1891 -> 188 -> 1396 -> 660 -> 1921 -> 441 -> 196 -> 189 -> 915 -> 970 -> 1524 -> 968 -> 1095 -> 1707 -> 913 -> 1488 -> 526 -> 1716 -> 260 -> 161 -> 1283 -> 1071 -> 320 -> 1281 -> 175 -> 1
Distance of the route: 5.850099166666666 Hours
 
2023-11-22 02:41:45,577 - root - INFO - Route for vehicle 15:
 1 -> 1
Distance of the route: 0.0 Hours
 
2023-11-22 02:41:45,578 - root - INFO - Route for vehicle 16:
 1 -> 204 -> 1686 -> 1369 -> 1950 -> 855 -> 255 -> 1528 -> 533 -> 942 -> 1550 -> 788 -> 959 -> 858 -> 1841 -> 434 -> 1927 -> 1543 -> 696 -> 363 -> 223 -> 22 -> 183 -> 708 -> 1922 -> 1004 -> 599 -> 72 -> 107 -> 1643 -> 1247 -> 489 -> 268 -> 1306 -> 1845 -> 1865 -> 1273 -> 824 -> 1109 -> 1104 -> 241 -> 414 -> 1418 -> 1836 -> 674 -> 1799 -> 541 -> 200 -> 502 -> 1512 -> 1656 -> 1489 -> 872 -> 623 -> 340 -> 1955 -> 1490 -> 391 -> 1999 -> 270 -> 632 -> 607 -> 817 -> 941 -> 1466 -> 1245 -> 128 -> 880 -> 1166 -> 338 -> 1462 -> 131 -> 1843 -> 519 -> 1312 -> 579 -> 1696 -> 1428 -> 974 -> 1043 -> 1497 -> 1518 -> 1
Distance of the route: 5.813810277777778 Hours
 
2023-11-22 02:41:45,578 - root - INFO - Route for vehicle 17:
 1 -> 1
Distance of the route: 0.0 Hours
 
2023-11-22 02:41:45,578 - root - INFO - Route for vehicle 18:
 1 -> 1219 -> 1758 -> 713 -> 555 -> 1437 -> 1885 -> 1147 -> 1846 -> 23 -> 1798 -> 1820 -> 712 -> 1821 -> 327 -> 1791 -> 675 -> 1062 -> 1900 -> 568 -> 1809 -> 1089 -> 1433 -> 81 -> 1770 -> 983 -> 570 -> 512 -> 1449 -> 1890 -> 1168 -> 351 -> 166 -> 1551 -> 176 -> 638 -> 1537 -> 1271 -> 1958 -> 562 -> 1501 -> 1324 -> 654 -> 1192 -> 185 -> 1613 -> 29 -> 1208 -> 62 -> 124 -> 79 -> 767 -> 687 -> 91 -> 474 -> 199 -> 719 -> 747 -> 152 -> 535 -> 619 -> 1945 -> 1886 -> 1657 -> 387 -> 1711 -> 629 -> 190 -> 263 -> 1615 -> 760 -> 755 -> 730 -> 1374 -> 1823 -> 651 -> 986 -> 761 -> 1961 -> 177 -> 1024 -> 305 -> 1936 -> 919 -> 1385 -> 1640 -> 117 -> 631 -> 1916 -> 997 -> 202 -> 353 -> 163 -> 292 -> 688 -> 584 -> 301 -> 119 -> 108 -> 899 -> 879 -> 822 -> 820 -> 1979 -> 842 -> 15 -> 1862 -> 888 -> 1331 -> 1451 -> 357 -> 24 -> 1645 -> 1150 -> 308 -> 746 -> 1140 -> 1465 -> 1899 -> 1356 -> 1634 -> 576 -> 1952 -> 395 -> 247 -> 649 -> 819 -> 1708 -> 744 -> 18 -> 645 -> 932 -> 734 -> 398 -> 1665 -> 1722 -> 296 -> 1
Distance of the route: 4.982825 Hours
 
2023-11-22 02:41:45,579 - root - INFO - Route for vehicle 19:
 1 -> 1990 -> 1195 -> 1959 -> 834 -> 116 -> 1275 -> 1877 -> 1120 -> 342 -> 853 -> 1167 -> 1738 -> 691 -> 985 -> 102 -> 1948 -> 1400 -> 935 -> 1517 -> 298 -> 266 -> 825 -> 277 -> 1384 -> 142 -> 1874 -> 330 -> 1101 -> 891 -> 1666 -> 1191 -> 1105 -> 440 -> 1578 -> 778 -> 726 -> 1115 -> 1278 -> 219 -> 239 -> 1179 -> 1226 -> 447 -> 1017 -> 972 -> 1985 -> 1509 -> 1354 -> 473 -> 1183 -> 1737 -> 995 -> 677 -> 1172 -> 1174 -> 800 -> 1771 -> 663 -> 56 -> 1045 -> 648 -> 1455 -> 1329 -> 1039 -> 227 -> 1599 -> 1581 -> 1081 -> 1481 -> 1286 -> 1107 -> 979 -> 1648 -> 868 -> 311 -> 1527 -> 759 -> 1887 -> 1597 -> 539 -> 180 -> 1344 -> 1870 -> 206 -> 1397 -> 993 -> 1
Distance of the route: 5.957446666666667 Hours
 
2023-11-22 02:41:45,579 - root - INFO - Maximum of the route distances: 5.990688888888889 Hours

