2023-11-13 18:30:48,424 - root - INFO - Start to solve problem with GLOBAL_CHEAPEST_ARC strategy
2023-11-13 18:30:48,431 - root - INFO - End to solve problem with GLOBAL_CHEAPEST_ARC strategy
2023-11-13 18:30:48,431 - root - INFO - Solution achieved by GLOBAL_CHEAPEST_ARC strategy
2023-11-13 18:30:48,431 - root - INFO - Objective: 3.1192081519444446 Horas
2023-11-13 18:30:48,431 - root - INFO - Max Allowed Route: 5.999933333333333 Horas
2023-11-13 18:30:48,431 - root - INFO - Length per max route: 0.5198738016996486
2023-11-13 18:30:48,432 - root - INFO - Route for vehicle 1:
 1 -> 21 -> 8 -> 9 -> 12 -> 16 -> 17 -> 7 -> 11 -> 3 -> 2 -> 20 -> 5 -> 18 -> 13 -> 15 -> 14 -> 6 -> 4 -> 10 -> 19 -> 1

2023-11-13 18:30:50,111 - root - INFO - Start to solve problem with PATH_CHEAPEST_ARC strategy
2023-11-13 18:30:50,117 - root - INFO - End to solve problem with PATH_CHEAPEST_ARC strategy
2023-11-13 18:30:50,117 - root - INFO - Solution achieved by PATH_CHEAPEST_ARC strategy
2023-11-13 18:30:50,117 - root - INFO - Objective: 3.1192081519444446 Horas
2023-11-13 18:30:50,117 - root - INFO - Max Allowed Route: 5.999933333333333 Horas
2023-11-13 18:30:50,117 - root - INFO - Length per max route: 0.5198738016996486
2023-11-13 18:30:50,117 - root - INFO - Route for vehicle 1:
 1 -> 21 -> 8 -> 9 -> 12 -> 16 -> 17 -> 7 -> 11 -> 3 -> 2 -> 20 -> 5 -> 18 -> 13 -> 15 -> 14 -> 6 -> 4 -> 10 -> 19 -> 1

2023-11-13 18:30:51,734 - root - INFO - Start to solve problem with GUIDED_LOCAL_SEARCH strategy
2023-11-13 18:35:51,734 - root - INFO - End to solve problem with GUIDED_LOCAL_SEARCH strategy
2023-11-13 18:35:51,734 - root - INFO - Solution achieved by GUIDED_LOCAL_SEARCH strategy with time limit on 300 seconds
2023-11-13 18:35:51,734 - root - INFO - Objective: 3.1192081519444446 Horas
2023-11-13 18:35:51,734 - root - INFO - Max Allowed Route: 5.999933333333333 Horas
2023-11-13 18:35:51,734 - root - INFO - Length per max route: 0.5198738016996486
2023-11-13 18:35:51,734 - root - INFO - Route for vehicle 1:
 1 -> 21 -> 8 -> 9 -> 12 -> 16 -> 17 -> 7 -> 11 -> 3 -> 2 -> 20 -> 5 -> 18 -> 13 -> 15 -> 14 -> 6 -> 4 -> 10 -> 19 -> 1

