2021-08-30 21:18:27,467 - root - INFO - Start to solve problem with GLOBAL_CHEAPEST_ARC strategy
2021-08-30 21:18:27,473 - root - INFO - End to solve problem with GLOBAL_CHEAPEST_ARC strategy
2021-08-30 21:18:27,474 - root - INFO - Solution achieved by GLOBAL_CHEAPEST_ARC strategy
2021-08-30 21:18:27,474 - root - INFO - Objective: 3.1192081519444446 Horas
2021-08-30 21:18:27,474 - root - INFO - Length per max route: 0.5198738016996485
2021-08-30 21:18:27,474 - root - INFO - Route for vehicle 1:
 1 -> 21 -> 8 -> 9 -> 12 -> 16 -> 17 -> 7 -> 11 -> 3 -> 2 -> 20 -> 5 -> 18 -> 13 -> 15 -> 14 -> 6 -> 4 -> 10 -> 19 -> 1

2021-08-30 21:18:29,088 - root - INFO - Start to solve problem with PATH_CHEAPEST_ARC strategy
2021-08-30 21:18:29,093 - root - INFO - End to solve problem with PATH_CHEAPEST_ARC strategy
2021-08-30 21:18:29,093 - root - INFO - Solution achieved by PATH_CHEAPEST_ARC strategy
2021-08-30 21:18:29,093 - root - INFO - Objective: 3.1192081519444446 Horas
2021-08-30 21:18:29,093 - root - INFO - Length per max route: 0.5198738016996485
2021-08-30 21:18:29,093 - root - INFO - Route for vehicle 1:
 1 -> 21 -> 8 -> 9 -> 12 -> 16 -> 17 -> 7 -> 11 -> 3 -> 2 -> 20 -> 5 -> 18 -> 13 -> 15 -> 14 -> 6 -> 4 -> 10 -> 19 -> 1

2021-08-30 21:18:30,677 - root - INFO - Start to solve problem with GUIDED_LOCAL_SEARCH strategy
2021-08-30 21:18:40,677 - root - INFO - End to solve problem with GUIDED_LOCAL_SEARCH strategy
2021-08-30 21:18:40,677 - root - INFO - Solution achieved by GUIDED_LOCAL_SEARCH strategy with time limit on 10 seconds
2021-08-30 21:18:40,678 - root - INFO - Objective: 3.1192081519444446 Horas
2021-08-30 21:18:40,678 - root - INFO - Length per max route: 0.5198738016996485
2021-08-30 21:18:40,678 - root - INFO - Route for vehicle 1:
 1 -> 21 -> 8 -> 9 -> 12 -> 16 -> 17 -> 7 -> 11 -> 3 -> 2 -> 20 -> 5 -> 18 -> 13 -> 15 -> 14 -> 6 -> 4 -> 10 -> 19 -> 1

