2023-09-06 19:38:26,435 - root - INFO - Start to solve problem with GLOBAL_CHEAPEST_ARC strategy
2023-09-06 19:38:26,486 - root - INFO - End to solve problem with GLOBAL_CHEAPEST_ARC strategy
2023-09-06 19:38:26,487 - root - INFO - Solution achieved by GLOBAL_CHEAPEST_ARC strategy
2023-09-06 19:38:26,487 - root - INFO - Objective: 3.1192081519444446 Horas
2023-09-06 19:38:26,487 - root - INFO - Max Allowed Route: 5.999933333333333 Horas
2023-09-06 19:38:26,487 - root - INFO - Length per max route: 0.5198738016996486
2023-09-06 19:38:26,488 - root - INFO - Route for vehicle 1:
 1 -> 21 -> 8 -> 9 -> 12 -> 16 -> 17 -> 7 -> 11 -> 3 -> 2 -> 20 -> 5 -> 18 -> 13 -> 15 -> 14 -> 6 -> 4 -> 10 -> 19 -> 1

2023-09-06 19:38:28,229 - root - INFO - Start to solve problem with PATH_CHEAPEST_ARC strategy
2023-09-06 19:38:28,233 - root - INFO - End to solve problem with PATH_CHEAPEST_ARC strategy
2023-09-06 19:38:28,233 - root - INFO - Solution achieved by PATH_CHEAPEST_ARC strategy
2023-09-06 19:38:28,233 - root - INFO - Objective: 3.1192081519444446 Horas
2023-09-06 19:38:28,233 - root - INFO - Max Allowed Route: 5.999933333333333 Horas
2023-09-06 19:38:28,233 - root - INFO - Length per max route: 0.5198738016996486
2023-09-06 19:38:28,233 - root - INFO - Route for vehicle 1:
 1 -> 21 -> 8 -> 9 -> 12 -> 16 -> 17 -> 7 -> 11 -> 3 -> 2 -> 20 -> 5 -> 18 -> 13 -> 15 -> 14 -> 6 -> 4 -> 10 -> 19 -> 1

2023-09-06 19:38:29,777 - root - INFO - Start to solve problem with GUIDED_LOCAL_SEARCH strategy
2023-09-06 19:48:29,778 - root - INFO - End to solve problem with GUIDED_LOCAL_SEARCH strategy
2023-09-06 19:48:29,778 - root - INFO - Solution achieved by GUIDED_LOCAL_SEARCH strategy with time limit on 600 seconds
2023-09-06 19:48:29,778 - root - INFO - Objective: 3.1192081519444446 Horas
2023-09-06 19:48:29,778 - root - INFO - Max Allowed Route: 5.999933333333333 Horas
2023-09-06 19:48:29,778 - root - INFO - Length per max route: 0.5198738016996486
2023-09-06 19:48:29,778 - root - INFO - Route for vehicle 1:
 1 -> 21 -> 8 -> 9 -> 12 -> 16 -> 17 -> 7 -> 11 -> 3 -> 2 -> 20 -> 5 -> 18 -> 13 -> 15 -> 14 -> 6 -> 4 -> 10 -> 19 -> 1

