2021-08-30 21:11:03,426 - root - INFO - Start to solve problem with GLOBAL_CHEAPEST_ARC strategy
2021-08-30 21:11:03,433 - root - INFO - End to solve problem with GLOBAL_CHEAPEST_ARC strategy
2021-08-30 21:11:03,433 - root - INFO - Solution achieved by GLOBAL_CHEAPEST_ARC strategy
2021-08-30 21:11:03,433 - root - INFO - Objective: 3.1192081519444446 Horas
2021-08-30 21:11:03,433 - root - INFO - Length per max route: 0.5198738016996485
2021-08-30 21:11:03,433 - root - INFO - Objective: 11229149347 Unit of Measure
2021-08-30 21:11:03,434 - root - INFO - Route for vehicle 1:
 1 -> 21 -> 8 -> 9 -> 12 -> 16 -> 17 -> 7 -> 11 -> 3 -> 2 -> 20 -> 5 -> 18 -> 13 -> 15 -> 14 -> 6 -> 4 -> 10 -> 19 -> 1

2021-08-30 21:11:05,122 - root - INFO - Start to solve problem with PATH_CHEAPEST_ARC strategy
2021-08-30 21:11:05,127 - root - INFO - End to solve problem with PATH_CHEAPEST_ARC strategy
2021-08-30 21:11:05,127 - root - INFO - Solution achieved by PATH_CHEAPEST_ARC strategy
2021-08-30 21:11:05,127 - root - INFO - Objective: 3.1192081519444446 Horas
2021-08-30 21:11:05,127 - root - INFO - Length per max route: 0.5198738016996485
2021-08-30 21:11:05,127 - root - INFO - Objective: 11229149347 Unit of Measure
2021-08-30 21:11:05,127 - root - INFO - Route for vehicle 1:
 1 -> 21 -> 8 -> 9 -> 12 -> 16 -> 17 -> 7 -> 11 -> 3 -> 2 -> 20 -> 5 -> 18 -> 13 -> 15 -> 14 -> 6 -> 4 -> 10 -> 19 -> 1

2021-08-30 21:11:06,726 - root - INFO - Start to solve problem with GUIDED_LOCAL_SEARCH strategy
2021-08-30 21:11:16,726 - root - INFO - End to solve problem with GUIDED_LOCAL_SEARCH strategy
2021-08-30 21:11:16,726 - root - INFO - Solution achieved by GUIDED_LOCAL_SEARCH strategy with time limit on 10 seconds
2021-08-30 21:11:16,726 - root - INFO - Objective: 3.1192081519444446 Horas
2021-08-30 21:11:16,726 - root - INFO - Length per max route: 0.5198738016996485
2021-08-30 21:11:16,726 - root - INFO - Objective: 11229149347 Unit of Measure
2021-08-30 21:11:16,726 - root - INFO - Route for vehicle 1:
 1 -> 21 -> 8 -> 9 -> 12 -> 16 -> 17 -> 7 -> 11 -> 3 -> 2 -> 20 -> 5 -> 18 -> 13 -> 15 -> 14 -> 6 -> 4 -> 10 -> 19 -> 1

