2021-09-19 23:03:17,020 - root - INFO - Start to solve problem with GLOBAL_CHEAPEST_ARC strategy
2021-09-19 23:06:13,137 - root - INFO - End to solve problem with GLOBAL_CHEAPEST_ARC strategy
2021-09-19 23:06:13,137 - root - INFO - Solution achieved by GLOBAL_CHEAPEST_ARC strategy
2021-09-19 23:06:13,137 - root - INFO - Max Allowed Route: 0.005999942777777777 Horas
2021-09-19 23:06:13,137 - root - INFO - Route for vehicle 0:
 1 -> 1
Distance of the route: 0.0 Hours
 
2021-09-19 23:06:13,137 - root - INFO - Route for vehicle 1:
 1 -> 3 -> 39 -> 106 -> 170 -> 92 -> 113 -> 177 -> 62 -> 158 -> 77 -> 142 -> 1
Distance of the route: 0.0 Hours
 
2021-09-19 23:06:13,138 - root - INFO - Route for vehicle 2:
 1 -> 127 -> 200 -> 5 -> 30 -> 138 -> 129 -> 40 -> 25 -> 13 -> 61 -> 133 -> 7 -> 157 -> 47 -> 69 -> 104 -> 99 -> 55 -> 134 -> 112 -> 115 -> 71 -> 165 -> 96 -> 194 -> 81 -> 172 -> 21 -> 41 -> 108 -> 185 -> 79 -> 51 -> 163 -> 195 -> 117 -> 10 -> 49 -> 197 -> 4 -> 91 -> 75 -> 150 -> 176 -> 192 -> 178 -> 155 -> 100 -> 130 -> 159 -> 95 -> 183 -> 123 -> 66 -> 114 -> 174 -> 167 -> 44 -> 187 -> 156 -> 169 -> 164 -> 45 -> 137 -> 180 -> 173 -> 89 -> 65 -> 122 -> 80 -> 135 -> 131 -> 147 -> 193 -> 188 -> 184 -> 181 -> 119 -> 128 -> 48 -> 120 -> 76 -> 24 -> 31 -> 82 -> 60 -> 199 -> 86 -> 121 -> 85 -> 33 -> 144 -> 88 -> 168 -> 37 -> 56 -> 58 -> 145 -> 46 -> 107 -> 57 -> 9 -> 73 -> 12 -> 175 -> 148 -> 90 -> 87 -> 101 -> 182 -> 124 -> 103 -> 126 -> 116 -> 18 -> 14 -> 27 -> 50 -> 15 -> 171 -> 1
Distance of the route: 0.0 Hours
 
2021-09-19 23:06:13,138 - root - INFO - Route for vehicle 3:
 1 -> 166 -> 11 -> 154 -> 63 -> 151 -> 35 -> 118 -> 179 -> 1
Distance of the route: 0.0 Hours
 
2021-09-19 23:06:13,138 - root - INFO - Route for vehicle 4:
 1 -> 43 -> 36 -> 162 -> 105 -> 143 -> 109 -> 189 -> 140 -> 67 -> 74 -> 72 -> 26 -> 20 -> 132 -> 22 -> 110 -> 2 -> 97 -> 34 -> 84 -> 42 -> 152 -> 191 -> 78 -> 146 -> 94 -> 111 -> 17 -> 29 -> 83 -> 186 -> 54 -> 201 -> 68 -> 125 -> 98 -> 160 -> 6 -> 161 -> 64 -> 8 -> 23 -> 38 -> 16 -> 28 -> 59 -> 136 -> 141 -> 70 -> 102 -> 198 -> 19 -> 52 -> 139 -> 32 -> 93 -> 153 -> 196 -> 53 -> 149 -> 190 -> 1
Distance of the route: 0.0 Hours
 
2021-09-19 23:06:13,138 - root - INFO - Maximum of the route distances: 0.0 Hours

2021-09-19 23:06:13,141 - root - INFO - Start to solve problem with PATH_CHEAPEST_ARC strategy
