2021-09-19 23:24:36,235 - root - INFO - Start to solve problem with GUIDED_LOCAL_SEARCH strategy
2021-09-19 23:25:31,342 - root - INFO - End to solve problem with GUIDED_LOCAL_SEARCH strategy
2021-09-19 23:25:31,342 - root - INFO - Solution achieved by GUIDED_LOCAL_SEARCH strategy with time limit on 600 seconds
2021-09-19 23:25:31,343 - root - INFO - Max Allowed Route: 0.005999942777777777 Horas
2021-09-19 23:25:31,343 - root - INFO - Route for vehicle 0:
 1 -> 16 -> 164 -> 156 -> 44 -> 174 -> 66 -> 183 -> 17 -> 83 -> 54 -> 68 -> 98 -> 159 -> 100 -> 178 -> 176 -> 79 -> 163 -> 117 -> 75 -> 4 -> 49 -> 168 -> 144 -> 85 -> 86 -> 60 -> 31 -> 193 -> 184 -> 119 -> 76 -> 48 -> 138 -> 13 -> 157 -> 115 -> 99 -> 194 -> 41 -> 51 -> 171 -> 14 -> 50 -> 116 -> 103 -> 182 -> 56 -> 145 -> 107 -> 12 -> 9 -> 148 -> 87 -> 108 -> 21 -> 81 -> 96 -> 71 -> 112 -> 55 -> 104 -> 61 -> 25 -> 129 -> 30 -> 200 -> 181 -> 1
Distance of the route: 0.0 Hours
 
2021-09-19 23:25:31,343 - root - INFO - Route for vehicle 1:
 1 -> 1
Distance of the route: 0.0 Hours
 
2021-09-19 23:25:31,343 - root - INFO - Route for vehicle 2:
 1 -> 1
Distance of the route: 0.0 Hours
 
2021-09-19 23:25:31,343 - root - INFO - Route for vehicle 3:
 1 -> 1
Distance of the route: 0.0 Hours
 
2021-09-19 23:25:31,343 - root - INFO - Route for vehicle 4:
 1 -> 127 -> 197 -> 201 -> 199 -> 198 -> 196 -> 195 -> 192 -> 191 -> 190 -> 189 -> 188 -> 187 -> 186 -> 185 -> 180 -> 179 -> 177 -> 175 -> 173 -> 172 -> 170 -> 169 -> 167 -> 166 -> 165 -> 162 -> 161 -> 160 -> 158 -> 155 -> 154 -> 153 -> 152 -> 151 -> 150 -> 149 -> 147 -> 146 -> 143 -> 142 -> 141 -> 140 -> 139 -> 137 -> 136 -> 135 -> 134 -> 133 -> 132 -> 131 -> 130 -> 128 -> 126 -> 125 -> 124 -> 123 -> 122 -> 121 -> 120 -> 118 -> 114 -> 113 -> 111 -> 110 -> 109 -> 106 -> 105 -> 102 -> 101 -> 97 -> 95 -> 94 -> 93 -> 92 -> 91 -> 90 -> 89 -> 88 -> 84 -> 82 -> 80 -> 78 -> 77 -> 74 -> 73 -> 72 -> 70 -> 69 -> 67 -> 65 -> 64 -> 63 -> 62 -> 59 -> 58 -> 57 -> 53 -> 52 -> 47 -> 46 -> 45 -> 43 -> 42 -> 40 -> 39 -> 38 -> 37 -> 36 -> 35 -> 34 -> 33 -> 32 -> 29 -> 28 -> 27 -> 26 -> 24 -> 23 -> 22 -> 20 -> 19 -> 18 -> 15 -> 11 -> 10 -> 8 -> 7 -> 6 -> 5 -> 3 -> 2 -> 1
Distance of the route: 0.0 Hours
 
2021-09-19 23:25:31,343 - root - INFO - Maximum of the route distances: 0.0 Hours

