2023-11-13 19:52:20,824 - root - INFO - Start to solve problem with GLOBAL_CHEAPEST_ARC strategy
2023-11-13 19:52:21,907 - root - INFO - End to solve problem with GLOBAL_CHEAPEST_ARC strategy
2023-11-13 19:52:21,907 - root - INFO - Solution achieved by GLOBAL_CHEAPEST_ARC strategy
2023-11-13 19:52:21,907 - root - INFO - Objective: 24.02724472222222 Horas
2023-11-13 19:52:21,907 - root - INFO - Max Allowed Route: 12.0 Horas
2023-11-13 19:52:21,907 - root - INFO - Length per max route: 2.0022703935185184
2023-11-13 19:52:21,907 - root - INFO - Route for vehicle 1:
 1 -> 181 -> 146 -> 84 -> 38 -> 8 -> 28 -> 136 -> 198 -> 70 -> 52 -> 32 -> 153 -> 53 -> 190 -> 200 -> 95 -> 102 -> 139 -> 196 -> 3 -> 106 -> 92 -> 177 -> 158 -> 142 -> 129 -> 30 -> 11 -> 63 -> 179 -> 35 -> 61 -> 25 -> 47 -> 7 -> 55 -> 104 -> 112 -> 71 -> 96 -> 81 -> 21 -> 108 -> 77 -> 155 -> 132 -> 185 -> 169 -> 69 -> 141 -> 88 -> 186 -> 151 -> 39 -> 40 -> 165 -> 197 -> 101 -> 178 -> 100 -> 159 -> 98 -> 68 -> 6 -> 64 -> 94 -> 78 -> 152 -> 54 -> 83 -> 17 -> 183 -> 176 -> 79 -> 163 -> 117 -> 75 -> 4 -> 49 -> 66 -> 174 -> 44 -> 156 -> 137 -> 173 -> 65 -> 80 -> 131 -> 164 -> 184 -> 193 -> 119 -> 48 -> 76 -> 31 -> 60 -> 86 -> 144 -> 85 -> 168 -> 56 -> 145 -> 107 -> 9 -> 12 -> 87 -> 148 -> 182 -> 103 -> 116 -> 14 -> 50 -> 171 -> 192 -> 91 -> 10 -> 51 -> 41 -> 194 -> 115 -> 99 -> 157 -> 13 -> 138 -> 127 -> 62 -> 16 -> 19 -> 149 -> 170 -> 122 -> 130 -> 82 -> 57 -> 27 -> 109 -> 191 -> 161 -> 93 -> 113 -> 166 -> 125 -> 111 -> 97 -> 74 -> 36 -> 126 -> 175 -> 58 -> 121 -> 120 -> 147 -> 180 -> 167 -> 150 -> 195 -> 172 -> 134 -> 133 -> 5 -> 2 -> 34 -> 42 -> 67 -> 123 -> 43 -> 162 -> 143 -> 189 -> 72 -> 20 -> 22 -> 37 -> 46 -> 73 -> 90 -> 124 -> 18 -> 15 -> 154 -> 33 -> 199 -> 24 -> 128 -> 188 -> 135 -> 89 -> 45 -> 187 -> 114 -> 118 -> 105 -> 140 -> 26 -> 110 -> 29 -> 201 -> 160 -> 23 -> 59 -> 1

2023-11-13 19:52:23,853 - root - INFO - Start to solve problem with PATH_CHEAPEST_ARC strategy
2023-11-13 19:52:24,564 - root - INFO - End to solve problem with PATH_CHEAPEST_ARC strategy
2023-11-13 19:52:24,564 - root - INFO - Solution achieved by PATH_CHEAPEST_ARC strategy
2023-11-13 19:52:24,564 - root - INFO - Objective: 24.08623 Horas
2023-11-13 19:52:24,564 - root - INFO - Max Allowed Route: 12.0 Horas
2023-11-13 19:52:24,564 - root - INFO - Length per max route: 2.0071858333333332
2023-11-13 19:52:24,565 - root - INFO - Route for vehicle 1:
 1 -> 181 -> 200 -> 30 -> 129 -> 142 -> 25 -> 47 -> 7 -> 55 -> 112 -> 81 -> 96 -> 71 -> 104 -> 61 -> 35 -> 179 -> 63 -> 11 -> 190 -> 53 -> 153 -> 32 -> 52 -> 70 -> 198 -> 136 -> 28 -> 8 -> 38 -> 84 -> 146 -> 110 -> 26 -> 29 -> 201 -> 195 -> 150 -> 172 -> 134 -> 73 -> 46 -> 37 -> 124 -> 18 -> 90 -> 22 -> 20 -> 72 -> 15 -> 154 -> 33 -> 188 -> 135 -> 140 -> 105 -> 118 -> 114 -> 187 -> 45 -> 89 -> 128 -> 24 -> 199 -> 189 -> 143 -> 43 -> 162 -> 123 -> 67 -> 42 -> 34 -> 2 -> 161 -> 93 -> 113 -> 5 -> 133 -> 166 -> 126 -> 36 -> 74 -> 97 -> 125 -> 111 -> 19 -> 149 -> 170 -> 122 -> 82 -> 109 -> 191 -> 27 -> 57 -> 130 -> 184 -> 193 -> 31 -> 60 -> 86 -> 144 -> 85 -> 168 -> 49 -> 4 -> 75 -> 117 -> 163 -> 79 -> 176 -> 54 -> 83 -> 17 -> 183 -> 66 -> 174 -> 44 -> 173 -> 164 -> 131 -> 80 -> 65 -> 137 -> 156 -> 94 -> 78 -> 152 -> 64 -> 6 -> 68 -> 98 -> 159 -> 100 -> 178 -> 101 -> 197 -> 165 -> 40 -> 39 -> 151 -> 186 -> 88 -> 141 -> 69 -> 169 -> 185 -> 132 -> 155 -> 77 -> 21 -> 108 -> 87 -> 148 -> 9 -> 12 -> 107 -> 145 -> 56 -> 182 -> 103 -> 116 -> 171 -> 50 -> 14 -> 41 -> 194 -> 99 -> 115 -> 138 -> 13 -> 157 -> 76 -> 48 -> 119 -> 127 -> 62 -> 16 -> 51 -> 192 -> 91 -> 10 -> 158 -> 177 -> 3 -> 106 -> 92 -> 58 -> 175 -> 167 -> 180 -> 121 -> 120 -> 147 -> 196 -> 139 -> 102 -> 160 -> 23 -> 59 -> 95 -> 1

2023-11-13 19:52:26,395 - root - INFO - Start to solve problem with GUIDED_LOCAL_SEARCH strategy
2023-11-13 20:05:46,396 - root - INFO - End to solve problem with GUIDED_LOCAL_SEARCH strategy
2023-11-13 20:05:46,396 - root - INFO - Solution achieved by GUIDED_LOCAL_SEARCH strategy with time limit on 800 seconds
2023-11-13 20:05:46,396 - root - INFO - Objective: 23.216430833333334 Horas
2023-11-13 20:05:46,396 - root - INFO - Max Allowed Route: 12.0 Horas
2023-11-13 20:05:46,396 - root - INFO - Length per max route: 1.9347025694444444
2023-11-13 20:05:46,397 - root - INFO - Route for vehicle 1:
 1 -> 181 -> 200 -> 30 -> 129 -> 142 -> 158 -> 177 -> 10 -> 91 -> 192 -> 51 -> 16 -> 138 -> 13 -> 157 -> 99 -> 115 -> 194 -> 41 -> 14 -> 50 -> 171 -> 116 -> 103 -> 182 -> 168 -> 85 -> 144 -> 86 -> 60 -> 31 -> 76 -> 48 -> 119 -> 127 -> 62 -> 170 -> 149 -> 19 -> 111 -> 125 -> 97 -> 74 -> 36 -> 166 -> 126 -> 175 -> 58 -> 92 -> 106 -> 3 -> 102 -> 139 -> 196 -> 147 -> 120 -> 121 -> 180 -> 167 -> 150 -> 195 -> 172 -> 134 -> 73 -> 46 -> 37 -> 90 -> 124 -> 18 -> 15 -> 154 -> 33 -> 188 -> 135 -> 105 -> 140 -> 118 -> 114 -> 187 -> 45 -> 89 -> 128 -> 24 -> 199 -> 189 -> 143 -> 162 -> 43 -> 123 -> 67 -> 72 -> 42 -> 34 -> 2 -> 20 -> 22 -> 133 -> 5 -> 113 -> 93 -> 161 -> 191 -> 109 -> 27 -> 57 -> 82 -> 122 -> 130 -> 184 -> 193 -> 66 -> 183 -> 174 -> 44 -> 173 -> 164 -> 131 -> 80 -> 65 -> 137 -> 156 -> 94 -> 78 -> 152 -> 83 -> 17 -> 54 -> 6 -> 64 -> 68 -> 98 -> 159 -> 100 -> 178 -> 176 -> 101 -> 197 -> 165 -> 40 -> 39 -> 151 -> 186 -> 88 -> 141 -> 69 -> 169 -> 185 -> 132 -> 155 -> 77 -> 79 -> 163 -> 117 -> 75 -> 4 -> 49 -> 56 -> 145 -> 107 -> 12 -> 9 -> 148 -> 87 -> 108 -> 21 -> 81 -> 96 -> 71 -> 112 -> 104 -> 55 -> 7 -> 47 -> 25 -> 61 -> 35 -> 179 -> 63 -> 11 -> 190 -> 53 -> 153 -> 32 -> 52 -> 70 -> 198 -> 136 -> 28 -> 8 -> 38 -> 84 -> 146 -> 110 -> 26 -> 29 -> 201 -> 160 -> 23 -> 59 -> 95 -> 1

