2021-09-20 00:36:25,404 - root - INFO - Start to solve problem with GLOBAL_CHEAPEST_ARC strategy
2021-09-20 01:14:37,028 - root - INFO - End to solve problem with GLOBAL_CHEAPEST_ARC strategy
2021-09-20 01:14:37,028 - root - INFO - Solution achieved by GLOBAL_CHEAPEST_ARC strategy
2021-09-20 01:14:37,028 - root - INFO - Max Allowed Route: 4.199959944444444  Hours
2021-09-20 01:14:37,028 - root - INFO - Max Possible Route: 5.999942777777778  Hours
2021-09-20 01:14:37,028 - root - INFO - Route for vehicle 0:
 1 -> 68 -> 54 -> 83 -> 1
Distance of the route: 0.0 Hours
 
2021-09-20 01:14:37,028 - root - INFO - Route for vehicle 1:
 1 -> 1
Distance of the route: 0.0 Hours
 
2021-09-20 01:14:37,029 - root - INFO - Route for vehicle 2:
 1 -> 137 -> 108 -> 110 -> 79 -> 173 -> 163 -> 114 -> 117 -> 65 -> 49 -> 84 -> 4 -> 80 -> 75 -> 46 -> 176 -> 131 -> 178 -> 146 -> 100 -> 193 -> 159 -> 77 -> 188 -> 132 -> 184 -> 185 -> 29 -> 101 -> 119 -> 141 -> 73 -> 69 -> 48 -> 169 -> 201 -> 88 -> 76 -> 151 -> 45 -> 186 -> 31 -> 39 -> 160 -> 40 -> 60 -> 165 -> 90 -> 197 -> 155 -> 1
Distance of the route: 0.0 Hours
 
2021-09-20 01:14:37,029 - root - INFO - Route for vehicle 3:
 1 -> 86 -> 11 -> 23 -> 63 -> 85 -> 35 -> 128 -> 179 -> 64 -> 130 -> 144 -> 122 -> 59 -> 82 -> 168 -> 57 -> 124 -> 27 -> 56 -> 109 -> 102 -> 191 -> 145 -> 161 -> 181 -> 93 -> 107 -> 113 -> 139 -> 5 -> 9 -> 133 -> 18 -> 134 -> 12 -> 172 -> 196 -> 195 -> 148 -> 150 -> 24 -> 167 -> 87 -> 180 -> 3 -> 147 -> 182 -> 120 -> 15 -> 121 -> 103 -> 58 -> 106 -> 175 -> 116 -> 126 -> 89 -> 166 -> 14 -> 36 -> 92 -> 74 -> 50 -> 97 -> 154 -> 111 -> 171 -> 125 -> 6 -> 16 -> 177 -> 19 -> 152 -> 149 -> 199 -> 170 -> 78 -> 62 -> 158 -> 127 -> 94 -> 138 -> 118 -> 13 -> 17 -> 157 -> 142 -> 99 -> 98 -> 115 -> 187 -> 194 -> 200 -> 41 -> 95 -> 51 -> 30 -> 10 -> 183 -> 91 -> 129 -> 192 -> 1
Distance of the route: 0.0 Hours
 
2021-09-20 01:14:37,029 - root - INFO - Route for vehicle 4:
 1 -> 105 -> 8 -> 25 -> 38 -> 66 -> 28 -> 61 -> 136 -> 33 -> 70 -> 7 -> 198 -> 174 -> 52 -> 47 -> 32 -> 140 -> 153 -> 104 -> 53 -> 44 -> 190 -> 123 -> 55 -> 43 -> 135 -> 162 -> 112 -> 143 -> 156 -> 189 -> 71 -> 67 -> 26 -> 72 -> 96 -> 20 -> 164 -> 22 -> 81 -> 2 -> 37 -> 34 -> 21 -> 42 -> 1
Distance of the route: 0.0 Hours
 
2021-09-20 01:14:37,029 - root - INFO - Maximum of the route distances: 0.0 Hours

