2023-11-21 20:39:11,849 - root - INFO - Start to solve problem with PATH_CHEAPEST_ARC strategy
2023-11-21 20:41:27,398 - root - INFO - End to solve problem with PATH_CHEAPEST_ARC strategy
2023-11-21 20:41:27,398 - root - INFO - Solution achieved by PATH_CHEAPEST_ARC strategy
2023-11-21 20:41:27,398 - root - INFO - Max Allowed Route: 6.0  Hours
2023-11-21 20:41:27,398 - root - INFO - Max Possible Route: 12.0  Hours
2023-11-21 20:41:27,399 - root - INFO - Route for vehicle 0:
 1 -> 192 -> 91 -> 16 -> 62 -> 127 -> 119 -> 164 -> 131 -> 80 -> 65 -> 173 -> 137 -> 156 -> 44 -> 94 -> 78 -> 152 -> 64 -> 6 -> 85 -> 168 -> 14 -> 142 -> 95 -> 1
Distance of the route: 4.36047 Hours
 
2023-11-21 20:41:27,399 - root - INFO - Route for vehicle 1:
 1 -> 195 -> 172 -> 73 -> 22 -> 20 -> 42 -> 67 -> 123 -> 43 -> 162 -> 143 -> 189 -> 72 -> 18 -> 124 -> 90 -> 201 -> 1
Distance of the route: 4.355409722222222 Hours
 
2023-11-21 20:41:27,399 - root - INFO - Route for vehicle 2:
 1 -> 129 -> 25 -> 61 -> 104 -> 71 -> 81 -> 87 -> 148 -> 107 -> 56 -> 117 -> 176 -> 178 -> 100 -> 159 -> 98 -> 68 -> 54 -> 83 -> 17 -> 183 -> 174 -> 66 -> 76 -> 48 -> 138 -> 13 -> 157 -> 99 -> 115 -> 194 -> 41 -> 51 -> 10 -> 158 -> 177 -> 106 -> 3 -> 102 -> 1
Distance of the route: 4.315453333333333 Hours
 
2023-11-21 20:41:27,399 - root - INFO - Route for vehicle 3:
 1 -> 185 -> 169 -> 69 -> 141 -> 88 -> 186 -> 151 -> 39 -> 40 -> 165 -> 197 -> 101 -> 1
Distance of the route: 4.3607716666666665 Hours
 
2023-11-21 20:41:27,399 - root - INFO - Route for vehicle 4:
 1 -> 181 -> 70 -> 198 -> 136 -> 28 -> 8 -> 38 -> 84 -> 146 -> 110 -> 26 -> 150 -> 134 -> 46 -> 37 -> 34 -> 2 -> 82 -> 122 -> 97 -> 74 -> 36 -> 166 -> 175 -> 58 -> 121 -> 120 -> 147 -> 59 -> 1
Distance of the route: 4.186364166666666 Hours
 
2023-11-21 20:41:27,400 - root - INFO - Route for vehicle 5:
 1 -> 23 -> 160 -> 180 -> 167 -> 126 -> 125 -> 19 -> 149 -> 184 -> 193 -> 31 -> 60 -> 86 -> 144 -> 49 -> 4 -> 75 -> 79 -> 163 -> 145 -> 9 -> 12 -> 182 -> 103 -> 116 -> 50 -> 171 -> 30 -> 52 -> 32 -> 153 -> 53 -> 190 -> 200 -> 1
Distance of the route: 3.7327902777777777 Hours
 
2023-11-21 20:41:27,400 - root - INFO - Route for vehicle 6:
 1 -> 11 -> 63 -> 179 -> 35 -> 96 -> 21 -> 108 -> 77 -> 155 -> 132 -> 112 -> 55 -> 7 -> 47 -> 1
Distance of the route: 4.357485 Hours
 
2023-11-21 20:41:27,400 - root - INFO - Route for vehicle 7:
 1 -> 139 -> 196 -> 92 -> 111 -> 170 -> 130 -> 57 -> 27 -> 109 -> 191 -> 161 -> 93 -> 113 -> 5 -> 133 -> 15 -> 154 -> 33 -> 199 -> 24 -> 128 -> 188 -> 135 -> 89 -> 45 -> 187 -> 114 -> 118 -> 105 -> 140 -> 29 -> 1
Distance of the route: 4.352391111111111 Hours
 
2023-11-21 20:41:27,400 - root - INFO - Maximum of the route distances: 4.3607716666666665 Hours

