2023-11-21 19:09:06,177 - root - INFO - Start to solve problem with GUIDED_LOCAL_SEARCH strategy
2023-11-21 19:10:06,178 - root - INFO - End to solve problem with GUIDED_LOCAL_SEARCH strategy
2023-11-21 19:10:06,178 - root - INFO - Solution achieved by GUIDED_LOCAL_SEARCH strategy with time limit on 60 seconds
2023-11-21 19:10:06,178 - root - INFO - Max Allowed Route: 6.0  Hours
2023-11-21 19:10:06,178 - root - INFO - Max Possible Route: 12.0  Hours
2023-11-21 19:10:06,178 - root - INFO - Route for vehicle 0:
 1 -> 142 -> 49 -> 4 -> 178 -> 101 -> 197 -> 165 -> 40 -> 39 -> 151 -> 186 -> 88 -> 132 -> 51 -> 19 -> 125 -> 74 -> 36 -> 166 -> 126 -> 175 -> 121 -> 120 -> 147 -> 59 -> 1
Distance of the route: 4.795046666666667 Hours
 
2023-11-21 19:10:06,178 - root - INFO - Route for vehicle 1:
 1 -> 95 -> 102 -> 3 -> 106 -> 177 -> 16 -> 62 -> 127 -> 119 -> 184 -> 164 -> 131 -> 80 -> 65 -> 173 -> 137 -> 156 -> 44 -> 94 -> 78 -> 152 -> 64 -> 6 -> 85 -> 14 -> 50 -> 171 -> 7 -> 47 -> 1
Distance of the route: 4.571976666666667 Hours
 
2023-11-21 19:10:06,178 - root - INFO - Route for vehicle 2:
 1 -> 179 -> 35 -> 169 -> 69 -> 141 -> 185 -> 155 -> 77 -> 81 -> 112 -> 55 -> 25 -> 1
Distance of the route: 4.797021944444444 Hours
 
2023-11-21 19:10:06,179 - root - INFO - Route for vehicle 3:
 1 -> 11 -> 63 -> 52 -> 32 -> 153 -> 53 -> 190 -> 181 -> 29 -> 140 -> 105 -> 118 -> 114 -> 187 -> 45 -> 89 -> 128 -> 24 -> 199 -> 33 -> 154 -> 15 -> 133 -> 82 -> 122 -> 97 -> 92 -> 196 -> 139 -> 1
Distance of the route: 4.7742716666666665 Hours
 
2023-11-21 19:10:06,179 - root - INFO - Route for vehicle 4:
 1 -> 90 -> 124 -> 18 -> 72 -> 189 -> 143 -> 162 -> 43 -> 123 -> 67 -> 42 -> 34 -> 2 -> 20 -> 22 -> 73 -> 134 -> 150 -> 160 -> 23 -> 1
Distance of the route: 4.676896666666667 Hours
 
2023-11-21 19:10:06,179 - root - INFO - Route for vehicle 5:
 1 -> 200 -> 70 -> 198 -> 136 -> 28 -> 8 -> 38 -> 84 -> 146 -> 201 -> 167 -> 111 -> 149 -> 170 -> 130 -> 57 -> 27 -> 109 -> 191 -> 161 -> 93 -> 113 -> 5 -> 37 -> 46 -> 195 -> 1
Distance of the route: 3.889746111111111 Hours
 
2023-11-21 19:10:06,179 - root - INFO - Route for vehicle 6:
 1 -> 110 -> 26 -> 135 -> 188 -> 172 -> 180 -> 58 -> 10 -> 91 -> 192 -> 87 -> 163 -> 79 -> 145 -> 9 -> 12 -> 182 -> 103 -> 116 -> 30 -> 1
Distance of the route: 3.7618097222222224 Hours
 
2023-11-21 19:10:06,179 - root - INFO - Route for vehicle 7:
 1 -> 129 -> 61 -> 104 -> 71 -> 96 -> 21 -> 108 -> 148 -> 107 -> 56 -> 168 -> 60 -> 86 -> 144 -> 75 -> 117 -> 176 -> 100 -> 159 -> 98 -> 68 -> 54 -> 83 -> 17 -> 183 -> 66 -> 174 -> 193 -> 31 -> 76 -> 48 -> 138 -> 13 -> 157 -> 99 -> 115 -> 194 -> 41 -> 158 -> 1
Distance of the route: 4.659213333333334 Hours
 
2023-11-21 19:10:06,179 - root - INFO - Maximum of the route distances: 4.797021944444444 Hours

