2023-11-21 20:04:31,623 - root - INFO - Start to solve problem with GUIDED_LOCAL_SEARCH strategy
2023-11-21 20:34:31,625 - root - INFO - End to solve problem with GUIDED_LOCAL_SEARCH strategy
2023-11-21 20:34:31,625 - root - INFO - Solution achieved by GUIDED_LOCAL_SEARCH strategy with time limit on 1800 seconds
2023-11-21 20:34:31,625 - root - INFO - Max Allowed Route: 6.0  Hours
2023-11-21 20:34:31,625 - root - INFO - Max Possible Route: 12.0  Hours
2023-11-21 20:34:31,625 - root - INFO - Route for vehicle 0:
 1 -> 169 -> 69 -> 141 -> 88 -> 186 -> 151 -> 39 -> 40 -> 165 -> 197 -> 101 -> 1
Distance of the route: 4.274291944444444 Hours
 
2023-11-21 20:34:31,626 - root - INFO - Route for vehicle 1:
 1 -> 30 -> 25 -> 61 -> 112 -> 81 -> 108 -> 77 -> 155 -> 185 -> 132 -> 79 -> 163 -> 117 -> 182 -> 103 -> 50 -> 14 -> 142 -> 95 -> 1
Distance of the route: 4.238466111111111 Hours
 
2023-11-21 20:34:31,626 - root - INFO - Route for vehicle 2:
 1 -> 200 -> 190 -> 53 -> 70 -> 198 -> 136 -> 28 -> 8 -> 38 -> 84 -> 146 -> 110 -> 26 -> 140 -> 105 -> 118 -> 114 -> 187 -> 45 -> 89 -> 135 -> 188 -> 128 -> 24 -> 199 -> 33 -> 154 -> 29 -> 181 -> 1
Distance of the route: 4.186731388888889 Hours
 
2023-11-21 20:34:31,626 - root - INFO - Route for vehicle 3:
 1 -> 59 -> 147 -> 120 -> 121 -> 58 -> 175 -> 126 -> 166 -> 36 -> 74 -> 125 -> 149 -> 170 -> 130 -> 57 -> 27 -> 113 -> 5 -> 133 -> 22 -> 20 -> 42 -> 34 -> 2 -> 93 -> 161 -> 191 -> 109 -> 82 -> 122 -> 19 -> 111 -> 97 -> 92 -> 196 -> 139 -> 1
Distance of the route: 4.247134444444445 Hours
 
2023-11-21 20:34:31,626 - root - INFO - Route for vehicle 4:
 1 -> 129 -> 171 -> 116 -> 168 -> 56 -> 145 -> 107 -> 9 -> 12 -> 148 -> 87 -> 21 -> 96 -> 71 -> 55 -> 7 -> 47 -> 104 -> 35 -> 179 -> 63 -> 52 -> 32 -> 153 -> 11 -> 1
Distance of the route: 3.511645 Hours
 
2023-11-21 20:34:31,626 - root - INFO - Route for vehicle 5:
 1 -> 201 -> 195 -> 172 -> 90 -> 124 -> 18 -> 15 -> 189 -> 143 -> 43 -> 162 -> 123 -> 67 -> 72 -> 37 -> 46 -> 73 -> 134 -> 150 -> 167 -> 180 -> 160 -> 23 -> 1
Distance of the route: 4.2513869444444445 Hours
 
2023-11-21 20:34:31,626 - root - INFO - Route for vehicle 6:
 1 -> 41 -> 194 -> 115 -> 119 -> 184 -> 164 -> 131 -> 80 -> 65 -> 173 -> 137 -> 156 -> 44 -> 94 -> 78 -> 152 -> 64 -> 6 -> 54 -> 60 -> 192 -> 1
Distance of the route: 4.256532777777778 Hours
 
2023-11-21 20:34:31,626 - root - INFO - Route for vehicle 7:
 1 -> 158 -> 51 -> 99 -> 157 -> 31 -> 86 -> 85 -> 144 -> 49 -> 4 -> 75 -> 176 -> 178 -> 100 -> 159 -> 98 -> 68 -> 83 -> 17 -> 183 -> 66 -> 174 -> 193 -> 48 -> 76 -> 13 -> 138 -> 127 -> 62 -> 16 -> 91 -> 10 -> 177 -> 106 -> 3 -> 102 -> 1
Distance of the route: 4.194962222222222 Hours
 
2023-11-21 20:34:31,626 - root - INFO - Maximum of the route distances: 4.274291944444444 Hours

