2023-11-17 19:24:01,383 - root - INFO - Start to solve problem with GUIDED_LOCAL_SEARCH strategy
2023-11-17 23:24:01,384 - root - INFO - End to solve problem with GUIDED_LOCAL_SEARCH strategy
2023-11-17 23:24:01,385 - root - INFO - Solution achieved by GUIDED_LOCAL_SEARCH strategy with time limit on 14400 seconds
2023-11-17 23:24:01,385 - root - INFO - Max Allowed Route: 6.0  Hours
2023-11-17 23:24:01,385 - root - INFO - Max Possible Route: 12.0  Hours
2023-11-17 23:24:01,385 - root - INFO - Route for vehicle 0:
 1 -> 181 -> 29 -> 110 -> 26 -> 140 -> 105 -> 118 -> 114 -> 187 -> 45 -> 89 -> 128 -> 135 -> 188 -> 33 -> 42 -> 34 -> 2 -> 20 -> 22 -> 37 -> 46 -> 73 -> 134 -> 150 -> 167 -> 120 -> 121 -> 147 -> 59 -> 1
Distance of the route: 4.1432625 Hours
 
2023-11-17 23:24:01,385 - root - INFO - Route for vehicle 1:
 1 -> 54 -> 64 -> 6 -> 68 -> 98 -> 159 -> 100 -> 178 -> 1
Distance of the route: 4.196206388888889 Hours
 
2023-11-17 23:24:01,385 - root - INFO - Route for vehicle 2:
 1 -> 129 -> 171 -> 50 -> 155 -> 77 -> 35 -> 179 -> 63 -> 11 -> 1
Distance of the route: 4.194469722222222 Hours
 
2023-11-17 23:24:01,385 - root - INFO - Route for vehicle 3:
 1 -> 195 -> 124 -> 72 -> 67 -> 123 -> 162 -> 43 -> 143 -> 189 -> 24 -> 199 -> 154 -> 15 -> 18 -> 90 -> 172 -> 160 -> 23 -> 1
Distance of the route: 4.163632777777778 Hours
 
2023-11-17 23:24:01,386 - root - INFO - Route for vehicle 4:
 1 -> 158 -> 192 -> 51 -> 41 -> 194 -> 99 -> 115 -> 157 -> 13 -> 138 -> 48 -> 76 -> 31 -> 60 -> 86 -> 183 -> 17 -> 83 -> 152 -> 78 -> 94 -> 173 -> 164 -> 131 -> 80 -> 65 -> 137 -> 156 -> 44 -> 174 -> 66 -> 193 -> 184 -> 119 -> 127 -> 62 -> 19 -> 111 -> 125 -> 97 -> 74 -> 36 -> 126 -> 92 -> 196 -> 139 -> 1
Distance of the route: 4.120711944444444 Hours
 
2023-11-17 23:24:01,386 - root - INFO - Route for vehicle 5:
 1 -> 116 -> 103 -> 182 -> 56 -> 117 -> 79 -> 197 -> 165 -> 40 -> 39 -> 151 -> 186 -> 88 -> 185 -> 112 -> 55 -> 7 -> 47 -> 25 -> 1
Distance of the route: 4.175300555555555 Hours
 
2023-11-17 23:24:01,386 - root - INFO - Route for vehicle 6:
 1 -> 95 -> 142 -> 14 -> 168 -> 85 -> 144 -> 49 -> 4 -> 75 -> 176 -> 101 -> 141 -> 69 -> 169 -> 132 -> 163 -> 145 -> 107 -> 12 -> 9 -> 148 -> 87 -> 108 -> 21 -> 81 -> 96 -> 71 -> 104 -> 61 -> 30 -> 1
Distance of the route: 4.123516666666666 Hours
 
2023-11-17 23:24:01,386 - root - INFO - Route for vehicle 7:
 1 -> 102 -> 3 -> 106 -> 177 -> 10 -> 91 -> 16 -> 149 -> 170 -> 122 -> 130 -> 82 -> 57 -> 27 -> 109 -> 191 -> 161 -> 93 -> 113 -> 5 -> 133 -> 166 -> 175 -> 58 -> 180 -> 201 -> 146 -> 84 -> 38 -> 8 -> 28 -> 136 -> 198 -> 70 -> 52 -> 32 -> 153 -> 53 -> 190 -> 200 -> 1
Distance of the route: 4.183088888888889 Hours
 
2023-11-17 23:24:01,386 - root - INFO - Maximum of the route distances: 4.196206388888889 Hours

