2021-09-20 21:33:35,832 - root - INFO - Start to solve problem with GLOBAL_CHEAPEST_ARC strategy
2021-09-20 21:33:37,627 - root - INFO - End to solve problem with GLOBAL_CHEAPEST_ARC strategy
2021-09-20 21:33:37,627 - root - INFO - Solution achieved by GLOBAL_CHEAPEST_ARC strategy
2021-09-20 21:33:37,627 - root - INFO - Max Allowed Route: 8.399999999999999  Hours
2021-09-20 21:33:37,627 - root - INFO - Max Possible Route: 12.0  Hours
2021-09-20 21:33:37,627 - root - INFO - Route for vehicle 0:
 1 -> 29 -> 110 -> 26 -> 140 -> 105 -> 118 -> 114 -> 187 -> 45 -> 89 -> 135 -> 188 -> 128 -> 24 -> 199 -> 33 -> 154 -> 15 -> 72 -> 123 -> 43 -> 162 -> 143 -> 189 -> 67 -> 42 -> 34 -> 2 -> 20 -> 22 -> 37 -> 46 -> 73 -> 124 -> 18 -> 90 -> 172 -> 195 -> 201 -> 160 -> 23 -> 1
Distance of the route: 6.6476597222222225 Hours
 
2021-09-20 21:33:37,628 - root - INFO - Route for vehicle 1:
 1 -> 200 -> 30 -> 25 -> 61 -> 104 -> 47 -> 7 -> 55 -> 112 -> 71 -> 96 -> 81 -> 21 -> 108 -> 87 -> 163 -> 117 -> 49 -> 4 -> 75 -> 176 -> 178 -> 100 -> 159 -> 98 -> 68 -> 6 -> 64 -> 94 -> 78 -> 152 -> 54 -> 83 -> 17 -> 183 -> 60 -> 86 -> 144 -> 85 -> 168 -> 56 -> 107 -> 9 -> 12 -> 182 -> 103 -> 116 -> 50 -> 14 -> 142 -> 95 -> 1
Distance of the route: 6.129951666666667 Hours
 
2021-09-20 21:33:37,628 - root - INFO - Route for vehicle 2:
 1 -> 59 -> 147 -> 121 -> 120 -> 180 -> 167 -> 150 -> 134 -> 133 -> 5 -> 113 -> 93 -> 161 -> 191 -> 109 -> 27 -> 57 -> 82 -> 130 -> 122 -> 170 -> 149 -> 19 -> 16 -> 62 -> 127 -> 138 -> 13 -> 76 -> 48 -> 119 -> 184 -> 164 -> 131 -> 80 -> 65 -> 173 -> 137 -> 156 -> 44 -> 174 -> 66 -> 193 -> 31 -> 157 -> 99 -> 115 -> 194 -> 41 -> 51 -> 192 -> 91 -> 10 -> 111 -> 125 -> 97 -> 74 -> 36 -> 166 -> 126 -> 175 -> 58 -> 92 -> 177 -> 158 -> 3 -> 106 -> 196 -> 139 -> 102 -> 1
Distance of the route: 5.286303888888889 Hours
 
2021-09-20 21:33:37,628 - root - INFO - Route for vehicle 3:
 1 -> 181 -> 146 -> 84 -> 38 -> 8 -> 28 -> 136 -> 198 -> 70 -> 52 -> 32 -> 153 -> 53 -> 190 -> 11 -> 63 -> 179 -> 35 -> 77 -> 155 -> 132 -> 185 -> 169 -> 69 -> 141 -> 88 -> 186 -> 151 -> 39 -> 40 -> 165 -> 197 -> 101 -> 79 -> 145 -> 148 -> 171 -> 129 -> 1
Distance of the route: 7.739527777777778 Hours
 
2021-09-20 21:33:37,628 - root - INFO - Route for vehicle 4:
 1 -> 1
Distance of the route: 0.0 Hours
 
2021-09-20 21:33:37,628 - root - INFO - Maximum of the route distances: 7.739527777777778 Hours

