2021-09-20 13:33:13,729 - root - INFO - Start to solve problem with GLOBAL_CHEAPEST_ARC strategy
2021-09-20 20:57:31,266 - root - INFO - End to solve problem with GLOBAL_CHEAPEST_ARC strategy
2021-09-20 20:57:31,266 - root - INFO - Solution achieved by GLOBAL_CHEAPEST_ARC strategy
2021-09-20 20:57:31,266 - root - INFO - Max Allowed Route: 4.199959944444444  Hours
2021-09-20 20:57:31,266 - root - INFO - Max Possible Route: 5.999942777777778  Hours
2021-09-20 20:57:31,266 - root - INFO - Route for vehicle 0:
 1 -> 100 -> 178 -> 1
Distance of the route: 0.0 Hours
 
2021-09-20 20:57:31,267 - root - INFO - Route for vehicle 1:
 1 -> 1
Distance of the route: 0.0 Hours
 
2021-09-20 20:57:31,267 - root - INFO - Route for vehicle 2:
 1 -> 1
Distance of the route: 0.0 Hours
 
2021-09-20 20:57:31,267 - root - INFO - Route for vehicle 3:
 1 -> 1
Distance of the route: 0.0 Hours
 
2021-09-20 20:57:31,267 - root - INFO - Route for vehicle 4:
 1 -> 196 -> 8 -> 3 -> 35 -> 106 -> 30 -> 92 -> 179 -> 177 -> 155 -> 158 -> 95 -> 142 -> 1
Distance of the route: 0.0 Hours
 
2021-09-20 20:57:31,267 - root - INFO - Route for vehicle 5:
 1 -> 1
Distance of the route: 0.0 Hours
 
2021-09-20 20:57:31,267 - root - INFO - Route for vehicle 6:
 1 -> 1
Distance of the route: 0.0 Hours
 
2021-09-20 20:57:31,267 - root - INFO - Route for vehicle 7:
 1 -> 1
Distance of the route: 0.0 Hours
 
2021-09-20 20:57:31,267 - root - INFO - Route for vehicle 8:
 1 -> 77 -> 130 -> 129 -> 122 -> 132 -> 82 -> 198 -> 57 -> 185 -> 27 -> 25 -> 109 -> 101 -> 191 -> 152 -> 161 -> 141 -> 93 -> 61 -> 113 -> 69 -> 5 -> 28 -> 133 -> 169 -> 134 -> 7 -> 172 -> 88 -> 195 -> 78 -> 150 -> 151 -> 167 -> 47 -> 180 -> 186 -> 147 -> 52 -> 120 -> 39 -> 121 -> 104 -> 58 -> 40 -> 175 -> 94 -> 126 -> 165 -> 166 -> 55 -> 36 -> 197 -> 74 -> 123 -> 97 -> 114 -> 111 -> 181 -> 125 -> 187 -> 16 -> 112 -> 19 -> 45 -> 149 -> 17 -> 170 -> 89 -> 62 -> 71 -> 127 -> 135 -> 138 -> 32 -> 13 -> 188 -> 157 -> 96 -> 99 -> 128 -> 115 -> 83 -> 194 -> 24 -> 41 -> 81 -> 51 -> 199 -> 10 -> 136 -> 91 -> 33 -> 192 -> 1
Distance of the route: 0.0 Hours
 
2021-09-20 20:57:31,267 - root - INFO - Route for vehicle 9:
 1 -> 1
Distance of the route: 0.0 Hours
 
2021-09-20 20:57:31,267 - root - INFO - Route for vehicle 10:
 1 -> 1
Distance of the route: 0.0 Hours
 
2021-09-20 20:57:31,267 - root - INFO - Route for vehicle 11:
 1 -> 1
Distance of the route: 0.0 Hours
 
2021-09-20 20:57:31,267 - root - INFO - Route for vehicle 12:
 1 -> 1
Distance of the route: 0.0 Hours
 
2021-09-20 20:57:31,267 - root - INFO - Route for vehicle 13:
 1 -> 1
Distance of the route: 0.0 Hours
 
2021-09-20 20:57:31,267 - root - INFO - Route for vehicle 14:
 1 -> 1
Distance of the route: 0.0 Hours
 
2021-09-20 20:57:31,268 - root - INFO - Route for vehicle 15:
 1 -> 1
Distance of the route: 0.0 Hours
 
2021-09-20 20:57:31,268 - root - INFO - Route for vehicle 16:
 1 -> 43 -> 21 -> 162 -> 37 -> 143 -> 54 -> 189 -> 46 -> 67 -> 108 -> 72 -> 73 -> 20 -> 153 -> 22 -> 90 -> 2 -> 79 -> 34 -> 124 -> 42 -> 1
Distance of the route: 0.0 Hours
 
2021-09-20 20:57:31,268 - root - INFO - Route for vehicle 17:
 1 -> 1
Distance of the route: 0.0 Hours
 
2021-09-20 20:57:31,268 - root - INFO - Route for vehicle 18:
 1 -> 1
Distance of the route: 0.0 Hours
 
2021-09-20 20:57:31,268 - root - INFO - Route for vehicle 19:
 1 -> 1
Distance of the route: 0.0 Hours
 
2021-09-20 20:57:31,268 - root - INFO - Route for vehicle 20:
 1 -> 1
Distance of the route: 0.0 Hours
 
2021-09-20 20:57:31,268 - root - INFO - Route for vehicle 21:
 1 -> 1
Distance of the route: 0.0 Hours
 
2021-09-20 20:57:31,268 - root - INFO - Route for vehicle 22:
 1 -> 1
Distance of the route: 0.0 Hours
 
2021-09-20 20:57:31,268 - root - INFO - Route for vehicle 23:
 1 -> 68 -> 183 -> 18 -> 66 -> 163 -> 174 -> 15 -> 44 -> 38 -> 156 -> 154 -> 164 -> 117 -> 137 -> 118 -> 173 -> 98 -> 65 -> 105 -> 80 -> 49 -> 131 -> 140 -> 193 -> 53 -> 184 -> 26 -> 119 -> 4 -> 48 -> 110 -> 76 -> 6 -> 31 -> 84 -> 60 -> 75 -> 86 -> 146 -> 85 -> 70 -> 144 -> 29 -> 168 -> 176 -> 56 -> 201 -> 145 -> 64 -> 107 -> 160 -> 9 -> 159 -> 12 -> 23 -> 148 -> 190 -> 87 -> 59 -> 182 -> 11 -> 103 -> 102 -> 116 -> 200 -> 14 -> 139 -> 50 -> 63 -> 171 -> 1
Distance of the route: 0.0 Hours
 
2021-09-20 20:57:31,268 - root - INFO - Route for vehicle 24:
 1 -> 1
Distance of the route: 0.0 Hours
 
2021-09-20 20:57:31,268 - root - INFO - Route for vehicle 25:
 1 -> 1
Distance of the route: 0.0 Hours
 
2021-09-20 20:57:31,268 - root - INFO - Route for vehicle 26:
 1 -> 1
Distance of the route: 0.0 Hours
 
2021-09-20 20:57:31,268 - root - INFO - Route for vehicle 27:
 1 -> 1
Distance of the route: 0.0 Hours
 
2021-09-20 20:57:31,268 - root - INFO - Route for vehicle 28:
 1 -> 1
Distance of the route: 0.0 Hours
 
2021-09-20 20:57:31,268 - root - INFO - Route for vehicle 29:
 1 -> 1
Distance of the route: 0.0 Hours
 
2021-09-20 20:57:31,268 - root - INFO - Maximum of the route distances: 0.0 Hours

