2021-09-20 21:32:31,519 - root - INFO - Start to solve problem with GLOBAL_CHEAPEST_ARC strategy
2021-09-20 21:32:33,538 - root - INFO - End to solve problem with GLOBAL_CHEAPEST_ARC strategy
2021-09-20 21:32:33,538 - root - INFO - Solution achieved by GLOBAL_CHEAPEST_ARC strategy
2021-09-20 21:32:33,538 - root - INFO - Max Allowed Route: 9.6  Hours
2021-09-20 21:32:33,538 - root - INFO - Max Possible Route: 12.0  Hours
2021-09-20 21:32:33,539 - root - INFO - Route for vehicle 0:
 1 -> 1
Distance of the route: 0.0 Hours
 
2021-09-20 21:32:33,539 - root - INFO - Route for vehicle 1:
 1 -> 59 -> 147 -> 120 -> 121 -> 180 -> 58 -> 126 -> 36 -> 74 -> 97 -> 125 -> 111 -> 19 -> 170 -> 149 -> 16 -> 62 -> 127 -> 138 -> 13 -> 76 -> 48 -> 119 -> 193 -> 184 -> 164 -> 131 -> 80 -> 65 -> 173 -> 137 -> 156 -> 44 -> 174 -> 66 -> 183 -> 17 -> 83 -> 54 -> 152 -> 78 -> 94 -> 64 -> 6 -> 68 -> 98 -> 159 -> 100 -> 178 -> 176 -> 75 -> 4 -> 49 -> 117 -> 163 -> 87 -> 148 -> 9 -> 12 -> 182 -> 103 -> 116 -> 14 -> 50 -> 171 -> 142 -> 129 -> 95 -> 1
Distance of the route: 6.947260277777778 Hours
 
2021-09-20 21:32:33,539 - root - INFO - Route for vehicle 2:
 1 -> 200 -> 190 -> 53 -> 153 -> 32 -> 52 -> 70 -> 198 -> 136 -> 28 -> 8 -> 38 -> 84 -> 146 -> 110 -> 26 -> 140 -> 105 -> 118 -> 114 -> 187 -> 45 -> 89 -> 128 -> 135 -> 188 -> 33 -> 199 -> 24 -> 189 -> 143 -> 162 -> 43 -> 123 -> 67 -> 42 -> 34 -> 2 -> 22 -> 20 -> 72 -> 154 -> 15 -> 18 -> 124 -> 90 -> 37 -> 46 -> 73 -> 134 -> 133 -> 5 -> 113 -> 93 -> 161 -> 191 -> 109 -> 27 -> 57 -> 130 -> 122 -> 82 -> 166 -> 175 -> 167 -> 150 -> 172 -> 195 -> 201 -> 160 -> 23 -> 1
Distance of the route: 9.544372222222222 Hours
 
2021-09-20 21:32:33,539 - root - INFO - Route for vehicle 3:
 1 -> 181 -> 29 -> 196 -> 139 -> 102 -> 3 -> 106 -> 92 -> 177 -> 158 -> 10 -> 91 -> 192 -> 51 -> 41 -> 194 -> 115 -> 99 -> 157 -> 31 -> 60 -> 86 -> 144 -> 85 -> 168 -> 56 -> 107 -> 145 -> 79 -> 101 -> 197 -> 165 -> 40 -> 39 -> 151 -> 186 -> 88 -> 141 -> 69 -> 169 -> 185 -> 132 -> 155 -> 77 -> 108 -> 21 -> 81 -> 96 -> 71 -> 112 -> 104 -> 55 -> 7 -> 47 -> 25 -> 61 -> 35 -> 179 -> 63 -> 11 -> 30 -> 1
Distance of the route: 7.787186111111111 Hours
 
2021-09-20 21:32:33,539 - root - INFO - Route for vehicle 4:
 1 -> 1
Distance of the route: 0.0 Hours
 
2021-09-20 21:32:33,540 - root - INFO - Route for vehicle 5:
 1 -> 1
Distance of the route: 0.0 Hours
 
2021-09-20 21:32:33,540 - root - INFO - Route for vehicle 6:
 1 -> 1
Distance of the route: 0.0 Hours
 
2021-09-20 21:32:33,540 - root - INFO - Route for vehicle 7:
 1 -> 1
Distance of the route: 0.0 Hours
 
2021-09-20 21:32:33,540 - root - INFO - Route for vehicle 8:
 1 -> 1
Distance of the route: 0.0 Hours
 
2021-09-20 21:32:33,540 - root - INFO - Route for vehicle 9:
 1 -> 1
Distance of the route: 0.0 Hours
 
2021-09-20 21:32:33,540 - root - INFO - Maximum of the route distances: 9.544372222222222 Hours

