2021-09-20 21:46:02,962 - root - INFO - Start to solve problem with GLOBAL_CHEAPEST_ARC strategy
2021-09-21 00:05:34,705 - root - INFO - End to solve problem with GLOBAL_CHEAPEST_ARC strategy
2021-09-21 00:05:34,705 - root - INFO - Solution achieved by GLOBAL_CHEAPEST_ARC strategy
2021-09-21 00:05:34,705 - root - INFO - Max Allowed Route: 6.0  Hours
2021-09-21 00:05:34,705 - root - INFO - Max Possible Route: 12.0  Hours
2021-09-21 00:05:34,705 - root - INFO - Route for vehicle 0:
 1 -> 1
Distance of the route: 0.0 Hours
 
2021-09-21 00:05:34,706 - root - INFO - Route for vehicle 1:
 1 -> 1
Distance of the route: 0.0 Hours
 
2021-09-21 00:05:34,706 - root - INFO - Route for vehicle 2:
 1 -> 22 -> 39 -> 114 -> 40 -> 2 -> 165 -> 84 -> 197 -> 34 -> 155 -> 1
Distance of the route: 0.0 Hours
 
2021-09-21 00:05:34,706 - root - INFO - Route for vehicle 3:
 1 -> 46 -> 11 -> 42 -> 63 -> 146 -> 35 -> 8 -> 179 -> 64 -> 188 -> 183 -> 38 -> 66 -> 29 -> 174 -> 28 -> 44 -> 73 -> 156 -> 136 -> 164 -> 201 -> 137 -> 70 -> 173 -> 45 -> 65 -> 198 -> 80 -> 160 -> 131 -> 52 -> 193 -> 90 -> 184 -> 32 -> 119 -> 23 -> 48 -> 153 -> 76 -> 128 -> 31 -> 53 -> 60 -> 59 -> 86 -> 190 -> 85 -> 124 -> 144 -> 200 -> 168 -> 102 -> 56 -> 30 -> 145 -> 181 -> 107 -> 129 -> 9 -> 139 -> 12 -> 25 -> 148 -> 18 -> 87 -> 61 -> 182 -> 196 -> 103 -> 7 -> 116 -> 24 -> 14 -> 47 -> 50 -> 3 -> 171 -> 1
Distance of the route: 0.0 Hours
 
2021-09-21 00:05:34,706 - root - INFO - Route for vehicle 4:
 1 -> 152 -> 104 -> 78 -> 15 -> 94 -> 55 -> 17 -> 106 -> 83 -> 112 -> 54 -> 89 -> 68 -> 71 -> 98 -> 92 -> 6 -> 96 -> 130 -> 154 -> 122 -> 81 -> 82 -> 177 -> 57 -> 21 -> 27 -> 199 -> 109 -> 108 -> 191 -> 158 -> 161 -> 79 -> 93 -> 118 -> 113 -> 163 -> 5 -> 142 -> 133 -> 117 -> 134 -> 187 -> 172 -> 49 -> 195 -> 95 -> 150 -> 4 -> 167 -> 43 -> 180 -> 75 -> 147 -> 105 -> 120 -> 176 -> 121 -> 162 -> 58 -> 178 -> 175 -> 33 -> 126 -> 100 -> 166 -> 143 -> 36 -> 159 -> 74 -> 123 -> 97 -> 77 -> 111 -> 140 -> 125 -> 132 -> 16 -> 189 -> 19 -> 185 -> 149 -> 135 -> 170 -> 101 -> 62 -> 67 -> 127 -> 141 -> 138 -> 26 -> 13 -> 69 -> 157 -> 72 -> 99 -> 169 -> 115 -> 37 -> 194 -> 88 -> 41 -> 20 -> 51 -> 151 -> 10 -> 110 -> 91 -> 186 -> 192 -> 1
Distance of the route: 0.0 Hours
 
2021-09-21 00:05:34,706 - root - INFO - Maximum of the route distances: 0.0 Hours

