2023-11-17 18:34:46,557 - root - INFO - Start to solve problem with GLOBAL_CHEAPEST_ARC strategy
2023-11-17 18:43:27,667 - root - INFO - End to solve problem with GLOBAL_CHEAPEST_ARC strategy
2023-11-17 18:43:27,667 - root - INFO - Solution achieved by GLOBAL_CHEAPEST_ARC strategy
2023-11-17 18:43:27,667 - root - INFO - Max Allowed Route: 6.0  Hours
2023-11-17 18:43:27,667 - root - INFO - Max Possible Route: 12.0  Hours
2023-11-17 18:43:27,667 - root - INFO - Route for vehicle 0:
 1 -> 102 -> 3 -> 106 -> 92 -> 177 -> 10 -> 91 -> 16 -> 119 -> 193 -> 66 -> 174 -> 44 -> 83 -> 54 -> 68 -> 98 -> 159 -> 100 -> 176 -> 117 -> 75 -> 4 -> 49 -> 56 -> 107 -> 12 -> 9 -> 148 -> 182 -> 103 -> 116 -> 50 -> 171 -> 129 -> 1
Distance of the route: 4.083691666666667 Hours
 
2023-11-17 18:43:27,668 - root - INFO - Route for vehicle 1:
 1 -> 47 -> 7 -> 81 -> 77 -> 155 -> 185 -> 132 -> 79 -> 163 -> 145 -> 87 -> 108 -> 21 -> 96 -> 71 -> 104 -> 61 -> 30 -> 1
Distance of the route: 4.318050833333333 Hours
 
2023-11-17 18:43:27,668 - root - INFO - Route for vehicle 2:
 1 -> 192 -> 41 -> 194 -> 115 -> 48 -> 184 -> 164 -> 131 -> 80 -> 65 -> 173 -> 137 -> 156 -> 94 -> 78 -> 152 -> 64 -> 6 -> 17 -> 183 -> 31 -> 157 -> 99 -> 51 -> 158 -> 1
Distance of the route: 4.304892222222223 Hours
 
2023-11-17 18:43:27,668 - root - INFO - Route for vehicle 3:
 1 -> 20 -> 34 -> 42 -> 162 -> 43 -> 123 -> 154 -> 15 -> 1
Distance of the route: 4.341368611111111 Hours
 
2023-11-17 18:43:27,668 - root - INFO - Route for vehicle 4:
 1 -> 200 -> 190 -> 53 -> 153 -> 32 -> 52 -> 70 -> 198 -> 136 -> 28 -> 8 -> 38 -> 84 -> 146 -> 201 -> 195 -> 150 -> 167 -> 180 -> 121 -> 196 -> 139 -> 35 -> 179 -> 63 -> 11 -> 1
Distance of the route: 3.672291111111111 Hours
 
2023-11-17 18:43:27,668 - root - INFO - Route for vehicle 5:
 1 -> 23 -> 160 -> 172 -> 134 -> 73 -> 46 -> 37 -> 124 -> 18 -> 90 -> 22 -> 72 -> 67 -> 189 -> 143 -> 24 -> 199 -> 33 -> 135 -> 188 -> 128 -> 89 -> 45 -> 187 -> 114 -> 118 -> 105 -> 140 -> 26 -> 110 -> 29 -> 181 -> 1
Distance of the route: 4.326295 Hours
 
2023-11-17 18:43:27,668 - root - INFO - Route for vehicle 6:
 1 -> 178 -> 101 -> 197 -> 165 -> 40 -> 39 -> 151 -> 186 -> 88 -> 141 -> 69 -> 169 -> 112 -> 55 -> 25 -> 1
Distance of the route: 4.301064722222222 Hours
 
2023-11-17 18:43:27,668 - root - INFO - Route for vehicle 7:
 1 -> 59 -> 147 -> 120 -> 58 -> 175 -> 126 -> 166 -> 133 -> 5 -> 2 -> 161 -> 93 -> 113 -> 191 -> 109 -> 27 -> 57 -> 130 -> 122 -> 82 -> 36 -> 74 -> 97 -> 125 -> 111 -> 19 -> 149 -> 170 -> 62 -> 127 -> 138 -> 13 -> 76 -> 60 -> 86 -> 144 -> 85 -> 168 -> 14 -> 142 -> 95 -> 1
Distance of the route: 4.241075833333333 Hours
 
2023-11-17 18:43:27,668 - root - INFO - Maximum of the route distances: 4.341368611111111 Hours

