2023-11-17 18:58:44,652 - root - INFO - Start to solve problem with GUIDED_LOCAL_SEARCH strategy
2023-11-17 19:08:44,653 - root - INFO - End to solve problem with GUIDED_LOCAL_SEARCH strategy
2023-11-17 19:08:44,653 - root - INFO - Solution achieved by GUIDED_LOCAL_SEARCH strategy with time limit on 600 seconds
2023-11-17 19:08:44,653 - root - INFO - Max Allowed Route: 6.0  Hours
2023-11-17 19:08:44,653 - root - INFO - Max Possible Route: 12.0  Hours
2023-11-17 19:08:44,654 - root - INFO - Route for vehicle 0:
 1 -> 171 -> 101 -> 197 -> 165 -> 40 -> 39 -> 151 -> 186 -> 88 -> 141 -> 69 -> 169 -> 1
Distance of the route: 4.275276388888889 Hours
 
2023-11-17 19:08:44,654 - root - INFO - Route for vehicle 1:
 1 -> 59 -> 147 -> 167 -> 175 -> 126 -> 166 -> 36 -> 74 -> 125 -> 149 -> 122 -> 82 -> 109 -> 191 -> 161 -> 93 -> 2 -> 34 -> 42 -> 20 -> 133 -> 5 -> 113 -> 27 -> 57 -> 130 -> 170 -> 62 -> 19 -> 111 -> 97 -> 58 -> 196 -> 1
Distance of the route: 4.271129722222223 Hours
 
2023-11-17 19:08:44,654 - root - INFO - Route for vehicle 2:
 1 -> 29 -> 124 -> 15 -> 123 -> 162 -> 43 -> 143 -> 189 -> 67 -> 72 -> 22 -> 37 -> 46 -> 73 -> 134 -> 150 -> 160 -> 23 -> 1
Distance of the route: 4.258890555555555 Hours
 
2023-11-17 19:08:44,654 - root - INFO - Route for vehicle 3:
 1 -> 95 -> 142 -> 14 -> 50 -> 116 -> 103 -> 182 -> 56 -> 117 -> 163 -> 79 -> 132 -> 185 -> 155 -> 77 -> 81 -> 71 -> 112 -> 55 -> 25 -> 30 -> 1
Distance of the route: 4.247946388888889 Hours
 
2023-11-17 19:08:44,654 - root - INFO - Route for vehicle 4:
 1 -> 3 -> 106 -> 92 -> 177 -> 10 -> 138 -> 48 -> 119 -> 184 -> 193 -> 174 -> 66 -> 83 -> 54 -> 68 -> 98 -> 159 -> 100 -> 178 -> 176 -> 75 -> 4 -> 49 -> 168 -> 85 -> 144 -> 86 -> 31 -> 76 -> 13 -> 115 -> 51 -> 158 -> 1
Distance of the route: 4.220543611111111 Hours
 
2023-11-17 19:08:44,654 - root - INFO - Route for vehicle 5:
 1 -> 200 -> 190 -> 53 -> 70 -> 198 -> 136 -> 28 -> 8 -> 38 -> 84 -> 146 -> 110 -> 26 -> 140 -> 105 -> 118 -> 114 -> 187 -> 45 -> 89 -> 135 -> 188 -> 128 -> 24 -> 199 -> 33 -> 154 -> 18 -> 90 -> 172 -> 195 -> 201 -> 181 -> 1
Distance of the route: 4.239231666666667 Hours
 
2023-11-17 19:08:44,654 - root - INFO - Route for vehicle 6:
 1 -> 180 -> 120 -> 121 -> 139 -> 102 -> 129 -> 61 -> 104 -> 47 -> 7 -> 192 -> 41 -> 194 -> 99 -> 157 -> 148 -> 9 -> 12 -> 107 -> 145 -> 87 -> 108 -> 21 -> 96 -> 35 -> 179 -> 63 -> 52 -> 32 -> 153 -> 11 -> 1
Distance of the route: 4.220505 Hours
 
2023-11-17 19:08:44,655 - root - INFO - Route for vehicle 7:
 1 -> 91 -> 16 -> 127 -> 164 -> 131 -> 80 -> 65 -> 173 -> 137 -> 156 -> 44 -> 94 -> 78 -> 152 -> 64 -> 6 -> 17 -> 183 -> 60 -> 1
Distance of the route: 4.272459722222222 Hours
 
2023-11-17 19:08:44,655 - root - INFO - Maximum of the route distances: 4.275276388888889 Hours

